TIME 0 1160440555.1931
TIME 1 1160440555.2517
TIME 2 1160440555.2545
TIME 3 1160440555.3003
TIME 4 1160440555.3033
TIME 5 1160440555.3062
TIME 6 1160440555.3111
TIME 7 1160440555.3359
INFO: 1016 blocks remaining in msg 0
TIME 8 1160440555.3382
TIME 9 1160440555.3412
TIME 10 1160440555.3694
TIME 11 1160440555.3744
TIME 12 1160440555.3801
TIME 13 1160440555.4130
TIME 14 1160440555.4155
TIME 15 1160440555.4182
INFO: 1008 blocks remaining in msg 0
TIME 16 1160440555.4212
TIME 17 1160440555.4452
TIME 18 1160440555.4483
TIME 19 1160440555.4512
TIME 20 1160440555.4777
TIME 21 1160440555.4833
TIME 22 1160440555.4865
TIME 23 1160440555.4892
INFO: 1000 blocks remaining in msg 0
TIME 24 1160440555.4922
TIME 25 1160440555.4952
TIME 26 1160440555.5100
TIME 27 1160440555.5122
TIME 28 1160440555.5232
TIME 29 1160440555.5324
TIME 30 1160440555.5539
TIME 31 1160440555.5562
INFO: 992 blocks remaining in msg 0
TIME 32 1160440555.5592
TIME 33 1160440555.5779
TIME 34 1160440555.5802
TIME 35 1160440555.5837
TIME 36 1160440555.6086
TIME 37 1160440555.6112
TIME 38 1160440555.6142
TIME 39 1160440555.6172
INFO: 984 blocks remaining in msg 0
TIME 40 1160440555.6526
TIME 41 1160440555.6551
TIME 42 1160440555.6582
TIME 43 1160440555.6611
TIME 44 1160440555.6804
TIME 45 1160440555.6833
TIME 46 1160440555.6861
TIME 47 1160440555.6891
INFO: 976 blocks remaining in msg 0
TIME 48 1160440555.7109
TIME 49 1160440555.7131
TIME 50 1160440555.7161
TIME 51 1160440555.7207
TIME 52 1160440555.7693
TIME 53 1160440555.7721
TIME 54 1160440555.7751
TIME 55 1160440555.7781
INFO: 968 blocks remaining in msg 0
TIME 56 1160440555.8028
TIME 57 1160440555.8051
TIME 58 1160440555.8094
TIME 59 1160440555.8121
TIME 60 1160440555.8361
TIME 61 1160440555.8392
TIME 62 1160440555.8421
TIME 63 1160440555.8452
INFO: 960 blocks remaining in msg 0
TIME 64 1160440555.8680
TIME 65 1160440555.8762
TIME 66 1160440555.8831
TIME 67 1160440555.8861
TIME 68 1160440555.9035
TIME 69 1160440555.9061
TIME 70 1160440555.9091
TIME 71 1160440555.9121
INFO: 952 blocks remaining in msg 0
TIME 72 1160440555.9362
TIME 73 1160440555.9391
TIME 74 1160440555.9421
TIME 75 1160440555.9679
TIME 76 1160440555.9700
TIME 77 1160440555.9730
TIME 78 1160440555.9762
TIME 79 1160440556.0022
INFO: 944 blocks remaining in msg 0
TIME 80 1160440556.0050
TIME 81 1160440556.0081
TIME 82 1160440556.0110
TIME 83 1160440556.0309
TIME 84 1160440556.0330
TIME 85 1160440556.0360
TIME 86 1160440556.0397
TIME 87 1160440556.0635
INFO: 936 blocks remaining in msg 0
TIME 88 1160440556.0660
TIME 89 1160440556.0690
TIME 90 1160440556.0721
TIME 91 1160440556.0952
TIME 92 1160440556.0981
TIME 93 1160440556.1015
TIME 94 1160440556.1141
TIME 95 1160440556.1286
INFO: 928 blocks remaining in msg 0
TIME 96 1160440556.1310
TIME 97 1160440556.1340
TIME 98 1160440556.1370
TIME 99 1160440556.1660
TIME 100 1160440556.1690
TIME 101 1160440556.1720
TIME 102 1160440556.1750
TIME 103 1160440556.2000
INFO: 920 blocks remaining in msg 0
TIME 104 1160440556.2030
TIME 105 1160440556.2060
TIME 106 1160440556.2090
TIME 107 1160440556.2380
TIME 108 1160440556.2410
TIME 109 1160440556.2440
TIME 110 1160440556.2470
TIME 111 1160440556.2631
INFO: 912 blocks remaining in msg 0
TIME 112 1160440556.2660
TIME 113 1160440556.2691
TIME 114 1160440556.2720
TIME 115 1160440556.2977
TIME 116 1160440556.3000
TIME 117 1160440556.3030
TIME 118 1160440556.3060
TIME 119 1160440556.3325
INFO: 904 blocks remaining in msg 0
TIME 120 1160440556.3350
TIME 121 1160440556.3380
TIME 122 1160440556.3421
TIME 123 1160440556.3525
TIME 124 1160440556.3656
TIME 125 1160440556.3679
TIME 126 1160440556.3710
TIME 127 1160440556.3967
INFO: 896 blocks remaining in msg 0
TIME 128 1160440556.3991
TIME 129 1160440556.4019
TIME 130 1160440556.4049
TIME 131 1160440556.4311
TIME 132 1160440556.4339
TIME 133 1160440556.4369
TIME 134 1160440556.4399
TIME 135 1160440556.4902
INFO: 888 blocks remaining in msg 0
TIME 136 1160440556.4940
TIME 137 1160440556.4969
TIME 138 1160440556.4999
TIME 139 1160440556.5029
TIME 140 1160440556.5253
TIME 141 1160440556.5279
TIME 142 1160440556.5311
TIME 143 1160440556.5339
INFO: 880 blocks remaining in msg 0
TIME 144 1160440556.5370
TIME 145 1160440556.5860
TIME 146 1160440556.5922
TIME 147 1160440556.5949
TIME 148 1160440556.5987
TIME 149 1160440556.6123
TIME 150 1160440556.6149
TIME 151 1160440556.6179
INFO: 872 blocks remaining in msg 0
TIME 152 1160440556.6209
TIME 153 1160440556.6433
TIME 154 1160440556.6459
TIME 155 1160440556.6489
TIME 156 1160440556.6519
TIME 157 1160440556.6748
TIME 158 1160440556.6769
TIME 159 1160440556.6799
INFO: 864 blocks remaining in msg 0
TIME 160 1160440556.6828
TIME 161 1160440556.7089
TIME 162 1160440556.7119
TIME 163 1160440556.7149
TIME 164 1160440556.7179
TIME 165 1160440556.7420
TIME 166 1160440556.7448
TIME 167 1160440556.7480
INFO: 856 blocks remaining in msg 0
TIME 168 1160440556.7528
TIME 169 1160440556.7730
TIME 170 1160440556.7759
TIME 171 1160440556.7790
TIME 172 1160440556.8054
TIME 173 1160440556.8168
TIME 174 1160440556.8213
TIME 175 1160440556.8239
INFO: 848 blocks remaining in msg 0
TIME 176 1160440556.8435
TIME 177 1160440556.8458
TIME 178 1160440556.8490
TIME 179 1160440556.8520
TIME 180 1160440556.8798
TIME 181 1160440556.8828
TIME 182 1160440556.8858
TIME 183 1160440556.8903
INFO: 840 blocks remaining in msg 0
TIME 184 1160440556.9145
TIME 185 1160440556.9168
TIME 186 1160440556.9198
TIME 187 1160440556.9281
TIME 188 1160440556.9346
TIME 189 1160440556.9491
TIME 190 1160440556.9583
TIME 191 1160440556.9608
INFO: 832 blocks remaining in msg 0
TIME 192 1160440556.9639
TIME 193 1160440556.9812
TIME 194 1160440556.9838
TIME 195 1160440556.9869
TIME 196 1160440557.0229
TIME 197 1160440557.0258
TIME 198 1160440557.0294
TIME 199 1160440557.0327
INFO: 824 blocks remaining in msg 0
TIME 200 1160440557.0393
TIME 201 1160440557.0507
TIME 202 1160440557.0528
TIME 203 1160440557.0559
TIME 204 1160440557.0890
TIME 205 1160440557.0917
TIME 206 1160440557.0949
TIME 207 1160440557.0977
INFO: 816 blocks remaining in msg 0
TIME 208 1160440557.1242
TIME 209 1160440557.1268
TIME 210 1160440557.1298
TIME 211 1160440557.1330
TIME 212 1160440557.1386
TIME 213 1160440557.1408
TIME 214 1160440557.2009
TIME 215 1160440557.2064
INFO: 808 blocks remaining in msg 0
TIME 216 1160440557.2091
TIME 217 1160440557.2119
TIME 218 1160440557.2734
TIME 219 1160440557.2757
TIME 220 1160440557.2829
TIME 221 1160440557.3333
TIME 222 1160440557.3358
TIME 223 1160440557.3387
INFO: 800 blocks remaining in msg 0
TIME 224 1160440557.3417
TIME 225 1160440557.3673
TIME 226 1160440557.3697
TIME 227 1160440557.3727
TIME 228 1160440557.3758
TIME 229 1160440557.4103
TIME 230 1160440557.4134
TIME 231 1160440557.4157
INFO: 792 blocks remaining in msg 0
TIME 232 1160440557.4187
TIME 233 1160440557.4345
TIME 234 1160440557.4371
TIME 235 1160440557.4396
TIME 236 1160440557.4427
TIME 237 1160440557.4656
TIME 238 1160440557.4686
TIME 239 1160440557.4717
INFO: 784 blocks remaining in msg 0
TIME 240 1160440557.5281
TIME 241 1160440557.5306
TIME 242 1160440557.5336
TIME 243 1160440557.5366
TIME 244 1160440557.5866
TIME 245 1160440557.5896
TIME 246 1160440557.5926
TIME 247 1160440557.5956
INFO: 776 blocks remaining in msg 0
TIME 248 1160440557.5987
TIME 249 1160440557.6016
TIME 250 1160440557.6697
TIME 251 1160440557.6726
TIME 252 1160440557.6803
TIME 253 1160440557.6828
TIME 254 1160440557.6874
TIME 255 1160440557.7042
INFO: 768 blocks remaining in msg 0
TIME 256 1160440557.7066
TIME 257 1160440557.7096
TIME 258 1160440557.7126
TIME 259 1160440557.7352
TIME 260 1160440557.7376
TIME 261 1160440557.7406
TIME 262 1160440557.7446
TIME 263 1160440557.7687
INFO: 760 blocks remaining in msg 0
TIME 264 1160440557.7716
TIME 265 1160440557.7746
TIME 266 1160440557.7776
TIME 267 1160440557.8039
TIME 268 1160440557.8067
TIME 269 1160440557.8096
TIME 270 1160440557.8126
TIME 271 1160440557.8349
INFO: 752 blocks remaining in msg 0
TIME 272 1160440557.8375
TIME 273 1160440557.8405
TIME 274 1160440557.8476
TIME 275 1160440557.8745
TIME 276 1160440557.8775
TIME 277 1160440557.8805
TIME 278 1160440557.9001
TIME 279 1160440557.9025
INFO: 744 blocks remaining in msg 0
TIME 280 1160440557.9056
TIME 281 1160440557.9086
TIME 282 1160440557.9328
TIME 283 1160440557.9356
TIME 284 1160440557.9385
TIME 285 1160440557.9416
TIME 286 1160440557.9721
TIME 287 1160440557.9795
INFO: 736 blocks remaining in msg 0
TIME 288 1160440557.9881
TIME 289 1160440557.9905
TIME 290 1160440557.9952
TIME 291 1160440558.0048
TIME 292 1160440558.0077
TIME 293 1160440558.0105
TIME 294 1160440558.0341
TIME 295 1160440558.0365
INFO: 728 blocks remaining in msg 0
TIME 296 1160440558.0395
TIME 297 1160440558.0425
TIME 298 1160440558.0680
TIME 299 1160440558.0723
TIME 300 1160440558.0745
TIME 301 1160440558.0781
TIME 302 1160440558.1093
TIME 303 1160440558.1116
INFO: 720 blocks remaining in msg 0
TIME 304 1160440558.1145
TIME 305 1160440558.1178
TIME 306 1160440558.1369
TIME 307 1160440558.1395
TIME 308 1160440558.1425
TIME 309 1160440558.1616
TIME 310 1160440558.1644
TIME 311 1160440558.1675
INFO: 712 blocks remaining in msg 0
TIME 312 1160440558.1707
TIME 313 1160440558.2018
TIME 314 1160440558.2044
TIME 315 1160440558.2090
TIME 316 1160440558.2114
TIME 317 1160440558.2144
TIME 318 1160440558.2367
TIME 319 1160440558.2396
INFO: 704 blocks remaining in msg 0
TIME 320 1160440558.2446
TIME 321 1160440558.2488
TIME 322 1160440558.2692
TIME 323 1160440558.2714
TIME 324 1160440558.2745
TIME 325 1160440558.3008
TIME 326 1160440558.3034
TIME 327 1160440558.3065
INFO: 696 blocks remaining in msg 0
TIME 328 1160440558.3094
TIME 329 1160440558.3329
TIME 330 1160440558.3374
TIME 331 1160440558.3476
TIME 332 1160440558.3554
TIME 333 1160440558.3594
TIME 334 1160440558.3860
TIME 335 1160440558.3898
INFO: 688 blocks remaining in msg 0
TIME 336 1160440558.3924
TIME 337 1160440558.3955
TIME 338 1160440558.3984
TIME 339 1160440558.4014
TIME 340 1160440558.4302
TIME 341 1160440558.4343
TIME 342 1160440558.4364
TIME 343 1160440558.4397
INFO: 680 blocks remaining in msg 0
TIME 344 1160440558.4666
TIME 345 1160440558.4729
TIME 346 1160440558.4754
TIME 347 1160440558.4784
TIME 348 1160440558.4814
TIME 349 1160440558.4934
TIME 350 1160440558.4964
TIME 351 1160440558.4995
INFO: 672 blocks remaining in msg 0
TIME 352 1160440558.5244
TIME 353 1160440558.5274
TIME 354 1160440558.5303
TIME 355 1160440558.5333
TIME 356 1160440558.5574
TIME 357 1160440558.5603
TIME 358 1160440558.5633
TIME 359 1160440558.5663
INFO: 664 blocks remaining in msg 0
TIME 360 1160440558.5975
TIME 361 1160440558.6003
TIME 362 1160440558.6033
TIME 363 1160440558.6063
TIME 364 1160440558.6354
TIME 365 1160440558.6401
TIME 366 1160440558.6425
TIME 367 1160440558.6453
INFO: 656 blocks remaining in msg 0
TIME 368 1160440558.6682
TIME 369 1160440558.6703
TIME 370 1160440558.6734
TIME 371 1160440558.6763
TIME 372 1160440558.7022
TIME 373 1160440558.7043
TIME 374 1160440558.7073
TIME 375 1160440558.7103
INFO: 648 blocks remaining in msg 0
TIME 376 1160440558.7133
TIME 377 1160440558.7335
TIME 378 1160440558.7363
TIME 379 1160440558.7418
TIME 380 1160440558.7672
TIME 381 1160440558.7714
TIME 382 1160440558.7745
TIME 383 1160440558.7785
INFO: 640 blocks remaining in msg 0
TIME 384 1160440558.8000
TIME 385 1160440558.8105
TIME 386 1160440558.8161
TIME 387 1160440558.8184
TIME 388 1160440558.8213
TIME 389 1160440558.8385
TIME 390 1160440558.8442
TIME 391 1160440558.8473
INFO: 632 blocks remaining in msg 0
TIME 392 1160440558.8709
TIME 393 1160440558.8733
TIME 394 1160440558.8764
TIME 395 1160440558.8793
TIME 396 1160440558.9035
TIME 397 1160440558.9063
TIME 398 1160440558.9094
TIME 399 1160440558.9123
INFO: 624 blocks remaining in msg 0
TIME 400 1160440558.9375
TIME 401 1160440558.9403
TIME 402 1160440558.9432
TIME 403 1160440558.9462
TIME 404 1160440558.9711
TIME 405 1160440558.9733
TIME 406 1160440558.9763
TIME 407 1160440558.9793
INFO: 616 blocks remaining in msg 0
TIME 408 1160440559.0060
TIME 409 1160440559.0082
TIME 410 1160440559.0112
TIME 411 1160440559.0143
TIME 412 1160440559.0404
TIME 413 1160440559.0510
TIME 414 1160440559.0536
TIME 415 1160440559.0567
INFO: 608 blocks remaining in msg 0
TIME 416 1160440559.0712
TIME 417 1160440559.0743
TIME 418 1160440559.0772
TIME 419 1160440559.0802
TIME 420 1160440559.1310
TIME 421 1160440559.1332
TIME 422 1160440559.1362
TIME 423 1160440559.1392
INFO: 600 blocks remaining in msg 0
TIME 424 1160440559.1422
TIME 425 1160440559.1932
TIME 426 1160440559.1973
TIME 427 1160440559.2002
TIME 428 1160440559.2033
TIME 429 1160440559.2062
TIME 430 1160440559.2118
TIME 431 1160440559.2643
INFO: 592 blocks remaining in msg 0
TIME 432 1160440559.2702
TIME 433 1160440559.2802
TIME 434 1160440559.7012
TIME 435 1160440559.7041
TIME 436 1160440559.7070
TIME 437 1160440559.7100
TIME 438 1160440559.7133
TIME 439 1160440559.7161
INFO: 584 blocks remaining in msg 0
TIME 440 1160440559.7393
TIME 441 1160440559.7420
TIME 442 1160440559.7450
TIME 443 1160440559.7480
TIME 444 1160440559.7724
TIME 445 1160440559.7750
TIME 446 1160440559.7780
TIME 447 1160440559.7810
INFO: 576 blocks remaining in msg 0
TIME 448 1160440559.8087
TIME 449 1160440559.8110
TIME 450 1160440559.8140
TIME 451 1160440559.8182
TIME 452 1160440559.8413
TIME 453 1160440559.8452
TIME 454 1160440559.8480
TIME 455 1160440559.8724
INFO: 568 blocks remaining in msg 0
TIME 456 1160440559.8750
TIME 457 1160440559.8781
TIME 458 1160440559.8810
TIME 459 1160440559.9045
TIME 460 1160440559.9070
TIME 461 1160440559.9100
TIME 462 1160440559.9130
TIME 463 1160440559.9365
INFO: 560 blocks remaining in msg 0
TIME 464 1160440559.9390
TIME 465 1160440559.9420
TIME 466 1160440559.9450
TIME 467 1160440559.9685
TIME 468 1160440559.9710
TIME 469 1160440559.9742
TIME 470 1160440559.9770
TIME 471 1160440560.0014
INFO: 552 blocks remaining in msg 0
TIME 472 1160440560.0040
TIME 473 1160440560.0073
TIME 474 1160440560.0100
TIME 475 1160440560.0337
TIME 476 1160440560.0360
TIME 477 1160440560.0405
TIME 478 1160440560.0684
TIME 479 1160440560.0710
INFO: 544 blocks remaining in msg 0
TIME 480 1160440560.0740
TIME 481 1160440560.0770
TIME 482 1160440560.1016
TIME 483 1160440560.1040
TIME 484 1160440560.1080
TIME 485 1160440560.1124
TIME 486 1160440560.1346
TIME 487 1160440560.1369
INFO: 536 blocks remaining in msg 0
TIME 488 1160440560.1399
TIME 489 1160440560.1430
TIME 490 1160440560.1654
TIME 491 1160440560.1679
TIME 492 1160440560.1716
TIME 493 1160440560.1739
TIME 494 1160440560.1975
TIME 495 1160440560.1999
INFO: 528 blocks remaining in msg 0
TIME 496 1160440560.2029
TIME 497 1160440560.2059
TIME 498 1160440560.2293
TIME 499 1160440560.2319
TIME 500 1160440560.2349
TIME 501 1160440560.2380
TIME 502 1160440560.2615
TIME 503 1160440560.2640
INFO: 520 blocks remaining in msg 0
TIME 504 1160440560.2669
TIME 505 1160440560.2704
TIME 506 1160440560.2935
TIME 507 1160440560.2960
TIME 508 1160440560.2990
TIME 509 1160440560.3019
TIME 510 1160440560.3309
TIME 511 1160440560.3339
INFO: 512 blocks remaining in msg 0
TIME 512 1160440560.3369
TIME 513 1160440560.3399
TIME 514 1160440560.3635
TIME 515 1160440560.3659
TIME 516 1160440560.3689
TIME 517 1160440560.3719
TIME 518 1160440560.3969
TIME 519 1160440560.3999
INFO: 504 blocks remaining in msg 0
TIME 520 1160440560.4029
TIME 521 1160440560.4059
TIME 522 1160440560.4300
TIME 523 1160440560.4329
TIME 524 1160440560.4359
TIME 525 1160440560.4608
TIME 526 1160440560.4639
TIME 527 1160440560.4669
INFO: 496 blocks remaining in msg 0
TIME 528 1160440560.4699
TIME 529 1160440560.4729
TIME 530 1160440560.4978
TIME 531 1160440560.5008
TIME 532 1160440560.5061
TIME 533 1160440560.5091
TIME 534 1160440560.5365
TIME 535 1160440560.5393
INFO: 488 blocks remaining in msg 0
TIME 536 1160440560.5419
TIME 537 1160440560.5449
TIME 538 1160440560.5692
TIME 539 1160440560.5718
TIME 540 1160440560.5748
TIME 541 1160440560.5778
TIME 542 1160440560.6033
TIME 543 1160440560.6058
INFO: 480 blocks remaining in msg 0
TIME 544 1160440560.6088
TIME 545 1160440560.6118
TIME 546 1160440560.6343
TIME 547 1160440560.6368
TIME 548 1160440560.6398
TIME 549 1160440560.6428
TIME 550 1160440560.6686
TIME 551 1160440560.6709
INFO: 472 blocks remaining in msg 0
TIME 552 1160440560.6738
TIME 553 1160440560.6978
TIME 554 1160440560.7008
TIME 555 1160440560.7040
TIME 556 1160440560.7068
TIME 557 1160440560.7489
TIME 558 1160440560.7518
TIME 559 1160440560.7548
INFO: 464 blocks remaining in msg 0
TIME 560 1160440560.7578
TIME 561 1160440560.7608
TIME 562 1160440560.7638
TIME 563 1160440560.7668
TIME 564 1160440560.7898
TIME 565 1160440560.7928
TIME 566 1160440560.7958
TIME 567 1160440560.7988
INFO: 456 blocks remaining in msg 0
TIME 568 1160440560.8209
TIME 569 1160440560.8237
TIME 570 1160440560.8268
TIME 571 1160440560.8298
TIME 572 1160440560.8550
TIME 573 1160440560.8579
TIME 574 1160440560.8607
TIME 575 1160440560.8903
INFO: 448 blocks remaining in msg 0
TIME 576 1160440560.8928
TIME 577 1160440560.8957
TIME 578 1160440560.8987
TIME 579 1160440560.9209
TIME 580 1160440560.9248
TIME 581 1160440560.9277
TIME 582 1160440560.9307
TIME 583 1160440560.9536
INFO: 440 blocks remaining in msg 0
TIME 584 1160440560.9561
TIME 585 1160440560.9587
TIME 586 1160440560.9636
TIME 587 1160440560.9667
TIME 588 1160440560.9843
TIME 589 1160440560.9868
TIME 590 1160440560.9897
TIME 591 1160440561.0201
INFO: 432 blocks remaining in msg 0
TIME 592 1160440561.0228
TIME 593 1160440561.0301
TIME 594 1160440561.0328
TIME 595 1160440561.0548
TIME 596 1160440561.0577
TIME 597 1160440561.0607
TIME 598 1160440561.0637
TIME 599 1160440561.0849
INFO: 424 blocks remaining in msg 0
TIME 600 1160440561.0877
TIME 601 1160440561.0921
TIME 602 1160440561.0960
TIME 603 1160440561.1181
TIME 604 1160440561.1207
TIME 605 1160440561.1237
TIME 606 1160440561.1290
TIME 607 1160440561.1490
INFO: 416 blocks remaining in msg 0
TIME 608 1160440561.1517
TIME 609 1160440561.1547
TIME 610 1160440561.1577
TIME 611 1160440561.1852
TIME 612 1160440561.1879
TIME 613 1160440561.1913
TIME 614 1160440561.1936
TIME 615 1160440561.2278
INFO: 408 blocks remaining in msg 0
TIME 616 1160440561.2308
TIME 617 1160440561.2337
TIME 618 1160440561.2368
TIME 619 1160440561.2652
TIME 620 1160440561.2676
TIME 621 1160440561.2706
TIME 622 1160440561.2736
TIME 623 1160440561.2766
INFO: 400 blocks remaining in msg 0
TIME 624 1160440561.3038
TIME 625 1160440561.3066
TIME 626 1160440561.3096
TIME 627 1160440561.3128
TIME 628 1160440561.3335
TIME 629 1160440561.3356
TIME 630 1160440561.3386
TIME 631 1160440561.3416
INFO: 392 blocks remaining in msg 0
TIME 632 1160440561.3644
TIME 633 1160440561.3666
TIME 634 1160440561.3696
TIME 635 1160440561.3726
TIME 636 1160440561.4143
TIME 637 1160440561.4199
TIME 638 1160440561.4246
TIME 639 1160440561.4576
INFO: 384 blocks remaining in msg 0
TIME 640 1160440561.4708
TIME 641 1160440561.4771
TIME 642 1160440561.4809
TIME 643 1160440561.4839
TIME 644 1160440561.5182
TIME 645 1160440561.5316
TIME 646 1160440561.5467
TIME 647 1160440561.5496
INFO: 376 blocks remaining in msg 0
TIME 648 1160440561.5531
TIME 649 1160440561.5556
TIME 650 1160440561.5585
TIME 651 1160440561.5615
TIME 652 1160440561.5645
TIME 653 1160440561.5675
TIME 654 1160440561.5932
TIME 655 1160440561.5955
INFO: 368 blocks remaining in msg 0
TIME 656 1160440561.5985
TIME 657 1160440561.6018
TIME 658 1160440561.6247
TIME 659 1160440561.6288
TIME 660 1160440561.6317
TIME 661 1160440561.6346
TIME 662 1160440561.6625
TIME 663 1160440561.6657
INFO: 360 blocks remaining in msg 0
TIME 664 1160440561.6686
TIME 665 1160440561.6716
TIME 666 1160440561.6973
TIME 667 1160440561.6995
TIME 668 1160440561.7025
TIME 669 1160440561.7055
TIME 670 1160440561.7085
TIME 671 1160440561.7394
INFO: 352 blocks remaining in msg 0
TIME 672 1160440561.7415
TIME 673 1160440561.7445
TIME 674 1160440561.7475
TIME 675 1160440561.7767
TIME 676 1160440561.7842
TIME 677 1160440561.7867
TIME 678 1160440561.7896
TIME 679 1160440561.7925
INFO: 344 blocks remaining in msg 0
TIME 680 1160440561.7978
TIME 681 1160440561.8006
TIME 682 1160440561.8213
TIME 683 1160440561.8235
TIME 684 1160440561.8266
TIME 685 1160440561.8522
TIME 686 1160440561.8545
TIME 687 1160440561.8575
INFO: 336 blocks remaining in msg 0
TIME 688 1160440561.8605
TIME 689 1160440561.8840
TIME 690 1160440561.8943
TIME 691 1160440561.9039
TIME 692 1160440561.9065
TIME 693 1160440561.9095
TIME 694 1160440561.9125
TIME 695 1160440561.9155
INFO: 328 blocks remaining in msg 0
TIME 696 1160440561.9610
TIME 697 1160440561.9634
TIME 698 1160440561.9664
TIME 699 1160440561.9694
TIME 700 1160440561.9724
TIME 701 1160440561.9754
TIME 702 1160440561.9966
TIME 703 1160440561.9995
INFO: 320 blocks remaining in msg 0
TIME 704 1160440562.0024
TIME 705 1160440562.0054
TIME 706 1160440562.0311
TIME 707 1160440562.0335
TIME 708 1160440562.0365
TIME 709 1160440562.0638
TIME 710 1160440562.0665
TIME 711 1160440562.0694
INFO: 312 blocks remaining in msg 0
TIME 712 1160440562.0724
TIME 713 1160440562.0965
TIME 714 1160440562.0997
TIME 715 1160440562.1029
TIME 716 1160440562.1054
TIME 717 1160440562.1355
TIME 718 1160440562.1427
TIME 719 1160440562.1455
INFO: 304 blocks remaining in msg 0
TIME 720 1160440562.1485
TIME 721 1160440562.1545
TIME 722 1160440562.1575
TIME 723 1160440562.1604
TIME 724 1160440562.1634
TIME 725 1160440562.1905
TIME 726 1160440562.1934
TIME 727 1160440562.1978
INFO: 296 blocks remaining in msg 0
TIME 728 1160440562.2273
TIME 729 1160440562.2294
TIME 730 1160440562.2324
TIME 731 1160440562.2355
TIME 732 1160440562.2638
TIME 733 1160440562.2664
TIME 734 1160440562.2694
TIME 735 1160440562.2725
INFO: 288 blocks remaining in msg 0
TIME 736 1160440562.2754
TIME 737 1160440562.3209
TIME 738 1160440562.3233
TIME 739 1160440562.3274
TIME 740 1160440562.3304
TIME 741 1160440562.3333
TIME 742 1160440562.3820
TIME 743 1160440562.3843
INFO: 280 blocks remaining in msg 0
TIME 744 1160440562.3873
TIME 745 1160440562.3933
TIME 746 1160440562.4246
TIME 747 1160440562.4273
TIME 748 1160440562.4303
TIME 749 1160440562.4572
TIME 750 1160440562.4593
TIME 751 1160440562.4623
INFO: 272 blocks remaining in msg 0
TIME 752 1160440562.4653
TIME 753 1160440562.5186
TIME 754 1160440562.5213
TIME 755 1160440562.5249
TIME 756 1160440562.5273
TIME 757 1160440562.5319
TIME 758 1160440562.5343
TIME 759 1160440562.5885
INFO: 264 blocks remaining in msg 0
TIME 760 1160440562.5928
TIME 761 1160440562.5981
TIME 762 1160440562.6023
TIME 763 1160440562.6110
TIME 764 1160440562.6134
TIME 765 1160440562.6516
TIME 766 1160440562.6543
TIME 767 1160440562.6573
INFO: 256 blocks remaining in msg 0
TIME 768 1160440562.6603
TIME 769 1160440562.6632
TIME 770 1160440562.6662
TIME 771 1160440562.6835
TIME 772 1160440562.6863
TIME 773 1160440562.6892
TIME 774 1160440562.7249
TIME 775 1160440562.7281
INFO: 248 blocks remaining in msg 0
TIME 776 1160440562.7302
TIME 777 1160440562.7332
TIME 778 1160440562.7780
TIME 779 1160440562.7802
TIME 780 1160440562.7832
TIME 781 1160440562.7862
TIME 782 1160440562.7893
TIME 783 1160440562.8110
INFO: 240 blocks remaining in msg 0
TIME 784 1160440562.8132
TIME 785 1160440562.8162
TIME 786 1160440562.8694
TIME 787 1160440562.8723
TIME 788 1160440562.8762
TIME 789 1160440562.8792
TIME 790 1160440562.8822
TIME 791 1160440562.9033
INFO: 232 blocks remaining in msg 0
TIME 792 1160440562.9062
TIME 793 1160440562.9092
TIME 794 1160440562.9122
TIME 795 1160440562.9354
TIME 796 1160440562.9410
TIME 797 1160440562.9442
TIME 798 1160440562.9472
TIME 799 1160440562.9684
INFO: 224 blocks remaining in msg 0
TIME 800 1160440562.9712
TIME 801 1160440562.9742
TIME 802 1160440562.9772
TIME 803 1160440563.0040
TIME 804 1160440563.0061
TIME 805 1160440563.0099
TIME 806 1160440563.0361
TIME 807 1160440563.0392
INFO: 216 blocks remaining in msg 0
TIME 808 1160440563.0422
TIME 809 1160440563.0453
TIME 810 1160440563.0703
TIME 811 1160440563.0794
TIME 812 1160440563.0859
TIME 813 1160440563.0882
TIME 814 1160440563.0911
TIME 815 1160440563.1038
INFO: 208 blocks remaining in msg 0
TIME 816 1160440563.1061
TIME 817 1160440563.1091
TIME 818 1160440563.1381
TIME 819 1160440563.1411
TIME 820 1160440563.1449
TIME 821 1160440563.1471
TIME 822 1160440563.1736
TIME 823 1160440563.1761
INFO: 200 blocks remaining in msg 0
TIME 824 1160440563.1792
TIME 825 1160440563.1821
TIME 826 1160440563.2065
TIME 827 1160440563.2091
TIME 828 1160440563.2121
TIME 829 1160440563.2151
TIME 830 1160440563.2459
TIME 831 1160440563.2505
INFO: 192 blocks remaining in msg 0
TIME 832 1160440563.2531
TIME 833 1160440563.2569
TIME 834 1160440563.2723
TIME 835 1160440563.2751
TIME 836 1160440563.2781
TIME 837 1160440563.2811
TIME 838 1160440563.3034
TIME 839 1160440563.3063
INFO: 184 blocks remaining in msg 0
TIME 840 1160440563.3122
TIME 841 1160440563.3151
TIME 842 1160440563.3390
TIME 843 1160440563.3418
TIME 844 1160440563.3441
TIME 845 1160440563.3471
TIME 846 1160440563.3735
TIME 847 1160440563.3761
INFO: 176 blocks remaining in msg 0
TIME 848 1160440563.3793
TIME 849 1160440563.3825
TIME 850 1160440563.4041
TIME 851 1160440563.4070
TIME 852 1160440563.4100
TIME 853 1160440563.4352
TIME 854 1160440563.4381
TIME 855 1160440563.4410
INFO: 168 blocks remaining in msg 0
TIME 856 1160440563.4440
TIME 857 1160440563.4667
TIME 858 1160440563.4732
TIME 859 1160440563.4821
TIME 860 1160440563.4852
TIME 861 1160440563.4880
TIME 862 1160440563.4910
TIME 863 1160440563.5243
INFO: 160 blocks remaining in msg 0
TIME 864 1160440563.5271
TIME 865 1160440563.5300
TIME 866 1160440563.5334
TIME 867 1160440563.5360
TIME 868 1160440563.5390
TIME 869 1160440563.5638
TIME 870 1160440563.5685
TIME 871 1160440563.5710
INFO: 152 blocks remaining in msg 0
TIME 872 1160440563.5740
TIME 873 1160440563.5996
TIME 874 1160440563.6046
TIME 875 1160440563.6070
TIME 876 1160440563.6101
TIME 877 1160440563.6294
TIME 878 1160440563.6320
TIME 879 1160440563.6350
INFO: 144 blocks remaining in msg 0
TIME 880 1160440563.6380
TIME 881 1160440563.6612
TIME 882 1160440563.6641
TIME 883 1160440563.6672
TIME 884 1160440563.6700
TIME 885 1160440563.6923
TIME 886 1160440563.6951
TIME 887 1160440563.6980
INFO: 136 blocks remaining in msg 0
TIME 888 1160440563.7246
TIME 889 1160440563.7288
TIME 890 1160440563.7310
TIME 891 1160440563.7340
TIME 892 1160440563.7555
TIME 893 1160440563.7580
TIME 894 1160440563.7610
TIME 895 1160440563.7640
INFO: 128 blocks remaining in msg 0
TIME 896 1160440563.7880
TIME 897 1160440563.7909
TIME 898 1160440563.7939
TIME 899 1160440563.7972
TIME 900 1160440563.8233
TIME 901 1160440563.8280
TIME 902 1160440563.8377
TIME 903 1160440563.8402
INFO: 120 blocks remaining in msg 0
TIME 904 1160440563.8432
TIME 905 1160440563.8571
TIME 906 1160440563.8600
TIME 907 1160440563.8639
TIME 908 1160440563.8861
TIME 909 1160440563.8889
TIME 910 1160440563.8920
TIME 911 1160440563.8949
INFO: 112 blocks remaining in msg 0
TIME 912 1160440563.9211
TIME 913 1160440563.9239
TIME 914 1160440563.9269
TIME 915 1160440563.9302
TIME 916 1160440563.9564
TIME 917 1160440563.9589
TIME 918 1160440563.9620
TIME 919 1160440563.9651
INFO: 104 blocks remaining in msg 0
TIME 920 1160440563.9884
TIME 921 1160440563.9909
TIME 922 1160440563.9939
TIME 923 1160440563.9969
TIME 924 1160440564.0207
TIME 925 1160440564.0229
TIME 926 1160440564.0259
TIME 927 1160440564.0335
INFO: 96 blocks remaining in msg 0
TIME 928 1160440564.0549
TIME 929 1160440564.0580
TIME 930 1160440564.0654
TIME 931 1160440564.0727
TIME 932 1160440564.0940
TIME 933 1160440564.0974
TIME 934 1160440564.1001
TIME 935 1160440564.1029
INFO: 88 blocks remaining in msg 0
TIME 936 1160440564.1291
TIME 937 1160440564.1319
TIME 938 1160440564.1349
TIME 939 1160440564.1380
TIME 940 1160440564.1575
TIME 941 1160440564.1616
TIME 942 1160440564.1646
TIME 943 1160440564.1668
INFO: 80 blocks remaining in msg 0
TIME 944 1160440564.2087
TIME 945 1160440564.2126
TIME 946 1160440564.2148
TIME 947 1160440564.2179
TIME 948 1160440564.2219
TIME 949 1160440564.2248
TIME 950 1160440564.2466
TIME 951 1160440564.2488
INFO: 72 blocks remaining in msg 0
TIME 952 1160440564.2520
TIME 953 1160440564.2554
TIME 954 1160440564.2774
TIME 955 1160440564.2798
TIME 956 1160440564.2829
TIME 957 1160440564.3075
TIME 958 1160440564.3103
TIME 959 1160440564.3218
INFO: 64 blocks remaining in msg 0
TIME 960 1160440564.3276
TIME 961 1160440564.3381
TIME 962 1160440564.3408
TIME 963 1160440564.3438
TIME 964 1160440564.3468
TIME 965 1160440564.3724
TIME 966 1160440564.3751
TIME 967 1160440564.3778
INFO: 56 blocks remaining in msg 0
TIME 968 1160440564.3808
TIME 969 1160440564.4084
TIME 970 1160440564.4108
TIME 971 1160440564.4138
TIME 972 1160440564.4396
TIME 973 1160440564.4418
TIME 974 1160440564.4448
TIME 975 1160440564.4478
INFO: 48 blocks remaining in msg 0
TIME 976 1160440564.4727
TIME 977 1160440564.4758
TIME 978 1160440564.4794
TIME 979 1160440564.4830
TIME 980 1160440564.5139
TIME 981 1160440564.5185
TIME 982 1160440564.5223
TIME 983 1160440564.5258
INFO: 40 blocks remaining in msg 0
TIME 984 1160440564.5298
TIME 985 1160440564.5337
TIME 986 1160440564.5367
TIME 987 1160440564.5416
TIME 988 1160440564.5688
TIME 989 1160440564.5773
TIME 990 1160440564.5806
TIME 991 1160440564.5828
INFO: 32 blocks remaining in msg 0
TIME 992 1160440564.6133
TIME 993 1160440564.6191
TIME 994 1160440564.6288
TIME 995 1160440564.6319
TIME 996 1160440564.6348
TIME 997 1160440564.6382
TIME 998 1160440564.6407
TIME 999 1160440564.6437
INFO: 24 blocks remaining in msg 0
TIME 1000 1160440564.6720
TIME 1001 1160440564.6747
TIME 1002 1160440564.6777
TIME 1003 1160440564.6807
TIME 1004 1160440564.7060
TIME 1005 1160440564.7087
TIME 1006 1160440564.7117
TIME 1007 1160440564.7158
INFO: 16 blocks remaining in msg 0
TIME 1008 1160440564.7447
TIME 1009 1160440564.7477
TIME 1010 1160440564.7507
TIME 1011 1160440564.7540
TIME 1012 1160440564.7720
TIME 1013 1160440564.7747
TIME 1014 1160440564.7783
TIME 1015 1160440564.7830
INFO: 8 blocks remaining in msg 0
TIME 1016 1160440564.8025
TIME 1017 1160440564.8072
TIME 1018 1160440564.8097
TIME 1019 1160440564.8127
TIME 1020 1160440564.8353
TIME 1021 1160440564.8387
TIME 1022 1160440564.8417
TIME 1023 1160440564.8497
INFO: 0 blocks remaining in msg 0
INFO: only 0 msgs remaining
Done, exiting.
