TIME 0 1160441641.8191
TIME 1 1160441641.9435
TIME 2 1160441641.9460
TIME 3 1160441642.0063
TIME 4 1160441642.0090
TIME 5 1160441642.0120
TIME 6 1160441642.0692
TIME 7 1160441642.0720
INFO: 1016 blocks remaining in msg 0
TIME 8 1160441642.0750
TIME 9 1160441642.1534
TIME 10 1160441642.1560
TIME 11 1160441642.1589
TIME 12 1160441642.1619
TIME 13 1160441642.1649
TIME 14 1160441642.2225
TIME 15 1160441642.2249
INFO: 1008 blocks remaining in msg 0
TIME 16 1160441642.2279
TIME 17 1160441642.2309
TIME 18 1160441642.2804
TIME 19 1160441642.2829
TIME 20 1160441642.2859
TIME 21 1160441642.3432
TIME 22 1160441642.3459
TIME 23 1160441642.3489
INFO: 1000 blocks remaining in msg 0
TIME 24 1160441642.3988
TIME 25 1160441642.4009
TIME 26 1160441642.4039
TIME 27 1160441642.4069
TIME 28 1160441642.4592
TIME 29 1160441642.4619
TIME 30 1160441642.4649
TIME 31 1160441642.4679
INFO: 992 blocks remaining in msg 0
TIME 32 1160441642.5221
TIME 33 1160441642.5249
TIME 34 1160441642.5279
TIME 35 1160441642.5849
TIME 36 1160441642.5879
TIME 37 1160441642.5909
TIME 38 1160441642.5939
TIME 39 1160441642.6479
INFO: 984 blocks remaining in msg 0
TIME 40 1160441642.6509
TIME 41 1160441642.6539
TIME 42 1160441642.6569
TIME 43 1160441642.7131
TIME 44 1160441642.7158
TIME 45 1160441642.7188
TIME 46 1160441642.7218
TIME 47 1160441642.7768
INFO: 976 blocks remaining in msg 0
TIME 48 1160441642.7788
TIME 49 1160441642.7818
TIME 50 1160441642.7848
TIME 51 1160441642.8404
TIME 52 1160441642.8428
TIME 53 1160441642.8458
TIME 54 1160441642.8488
TIME 55 1160441642.9032
INFO: 968 blocks remaining in msg 0
TIME 56 1160441642.9058
TIME 57 1160441642.9088
TIME 58 1160441642.9621
TIME 59 1160441642.9648
TIME 60 1160441642.9678
TIME 61 1160441642.9708
TIME 62 1160441643.0249
TIME 63 1160441643.0278
INFO: 960 blocks remaining in msg 0
TIME 64 1160441643.0308
TIME 65 1160441643.0338
TIME 66 1160441643.0905
TIME 67 1160441643.0928
TIME 68 1160441643.0958
TIME 69 1160441643.0988
TIME 70 1160441643.1564
TIME 71 1160441643.1588
INFO: 952 blocks remaining in msg 0
TIME 72 1160441643.1618
TIME 73 1160441643.1648
TIME 74 1160441643.2200
TIME 75 1160441643.2229
TIME 76 1160441643.2258
TIME 77 1160441643.2288
TIME 78 1160441643.2761
TIME 79 1160441643.2787
INFO: 944 blocks remaining in msg 0
TIME 80 1160441643.3197
TIME 81 1160441643.3227
TIME 82 1160441643.3257
TIME 83 1160441643.3287
TIME 84 1160441643.3810
TIME 85 1160441643.3837
TIME 86 1160441643.3867
TIME 87 1160441643.4408
INFO: 936 blocks remaining in msg 0
TIME 88 1160441643.4438
TIME 89 1160441643.4467
TIME 90 1160441643.4497
TIME 91 1160441643.5042
TIME 92 1160441643.5067
TIME 93 1160441643.5097
TIME 94 1160441643.5127
TIME 95 1160441643.5675
INFO: 928 blocks remaining in msg 0
TIME 96 1160441643.5697
TIME 97 1160441643.5727
TIME 98 1160441643.5757
TIME 99 1160441643.6334
TIME 100 1160441643.6357
TIME 101 1160441643.6387
TIME 102 1160441643.6417
TIME 103 1160441643.6970
INFO: 920 blocks remaining in msg 0
TIME 104 1160441643.6997
TIME 105 1160441643.7027
TIME 106 1160441643.7057
TIME 107 1160441643.7459
TIME 108 1160441643.7487
TIME 109 1160441643.7894
TIME 110 1160441643.7917
TIME 111 1160441643.7947
INFO: 912 blocks remaining in msg 0
TIME 112 1160441643.7977
TIME 113 1160441643.8431
TIME 114 1160441643.8457
TIME 115 1160441643.8939
TIME 116 1160441643.8966
TIME 117 1160441643.8996
TIME 118 1160441643.9026
TIME 119 1160441643.9483
INFO: 904 blocks remaining in msg 0
TIME 120 1160441643.9506
TIME 121 1160441643.9833
TIME 122 1160441643.9856
TIME 123 1160441643.9886
TIME 124 1160441644.0349
TIME 125 1160441644.0376
TIME 126 1160441644.0406
TIME 127 1160441644.0436
INFO: 896 blocks remaining in msg 0
TIME 128 1160441644.1009
TIME 129 1160441644.1036
TIME 130 1160441644.1066
TIME 131 1160441644.1096
TIME 132 1160441644.1668
TIME 133 1160441644.1696
TIME 134 1160441644.1726
TIME 135 1160441644.1756
INFO: 888 blocks remaining in msg 0
TIME 136 1160441644.2296
TIME 137 1160441644.2326
TIME 138 1160441644.2356
TIME 139 1160441644.2386
TIME 140 1160441644.2924
TIME 141 1160441644.2946
TIME 142 1160441644.2976
TIME 143 1160441644.3504
INFO: 880 blocks remaining in msg 0
TIME 144 1160441644.3536
TIME 145 1160441644.3566
TIME 146 1160441644.3596
TIME 147 1160441644.4421
TIME 148 1160441644.4446
TIME 149 1160441644.4476
TIME 150 1160441644.4506
TIME 151 1160441644.4536
INFO: 872 blocks remaining in msg 0
TIME 152 1160441644.5145
TIME 153 1160441644.5176
TIME 154 1160441644.5205
TIME 155 1160441644.5236
TIME 156 1160441644.5265
TIME 157 1160441644.5806
TIME 158 1160441644.5835
TIME 159 1160441644.5865
INFO: 864 blocks remaining in msg 0
TIME 160 1160441644.6417
TIME 161 1160441644.6445
TIME 162 1160441644.6475
TIME 163 1160441644.6989
TIME 164 1160441644.7015
TIME 165 1160441644.7045
TIME 166 1160441644.7075
TIME 167 1160441644.7625
INFO: 856 blocks remaining in msg 0
TIME 168 1160441644.7655
TIME 169 1160441644.7685
TIME 170 1160441644.7715
TIME 171 1160441644.8254
TIME 172 1160441644.8275
TIME 173 1160441644.8305
TIME 174 1160441644.8335
TIME 175 1160441644.8890
INFO: 848 blocks remaining in msg 0
TIME 176 1160441644.8915
TIME 177 1160441644.8945
TIME 178 1160441644.8975
TIME 179 1160441644.9519
TIME 180 1160441644.9545
TIME 181 1160441644.9575
TIME 182 1160441645.0115
TIME 183 1160441645.0145
INFO: 840 blocks remaining in msg 0
TIME 184 1160441645.0175
TIME 185 1160441645.0205
TIME 186 1160441645.0743
TIME 187 1160441645.0765
TIME 188 1160441645.0794
TIME 189 1160441645.0824
TIME 190 1160441645.1379
TIME 191 1160441645.1404
INFO: 832 blocks remaining in msg 0
TIME 192 1160441645.1434
TIME 193 1160441645.1464
TIME 194 1160441645.2008
TIME 195 1160441645.2034
TIME 196 1160441645.2064
TIME 197 1160441645.2094
TIME 198 1160441645.2644
TIME 199 1160441645.2674
INFO: 824 blocks remaining in msg 0
TIME 200 1160441645.2704
TIME 201 1160441645.2734
TIME 202 1160441645.3278
TIME 203 1160441645.3304
TIME 204 1160441645.3334
TIME 205 1160441645.3876
TIME 206 1160441645.3904
TIME 207 1160441645.3934
INFO: 816 blocks remaining in msg 0
TIME 208 1160441645.3964
TIME 209 1160441645.4518
TIME 210 1160441645.4544
TIME 211 1160441645.4574
TIME 212 1160441645.4604
TIME 213 1160441645.4634
TIME 214 1160441645.5201
TIME 215 1160441645.5224
INFO: 808 blocks remaining in msg 0
TIME 216 1160441645.5254
TIME 217 1160441645.5829
TIME 218 1160441645.5854
TIME 219 1160441645.5884
TIME 220 1160441645.5914
TIME 221 1160441645.6459
TIME 222 1160441645.6484
TIME 223 1160441645.6514
INFO: 800 blocks remaining in msg 0
TIME 224 1160441645.6544
TIME 225 1160441645.7095
TIME 226 1160441645.7124
TIME 227 1160441645.7154
TIME 228 1160441645.7184
TIME 229 1160441645.7724
TIME 230 1160441645.7753
TIME 231 1160441645.7783
INFO: 792 blocks remaining in msg 0
TIME 232 1160441645.7813
TIME 233 1160441645.8361
TIME 234 1160441645.8383
TIME 235 1160441645.8413
TIME 236 1160441645.8443
TIME 237 1160441645.8988
TIME 238 1160441645.9013
TIME 239 1160441645.9043
INFO: 784 blocks remaining in msg 0
TIME 240 1160441645.9599
TIME 241 1160441645.9623
TIME 242 1160441645.9653
TIME 243 1160441645.9683
TIME 244 1160441646.0252
TIME 245 1160441646.0273
TIME 246 1160441646.0303
TIME 247 1160441646.0333
INFO: 776 blocks remaining in msg 0
TIME 248 1160441646.0888
TIME 249 1160441646.0913
TIME 250 1160441646.0943
TIME 251 1160441646.0973
TIME 252 1160441646.1524
TIME 253 1160441646.1553
TIME 254 1160441646.1583
TIME 255 1160441646.1613
INFO: 768 blocks remaining in msg 0
TIME 256 1160441646.2161
TIME 257 1160441646.2183
TIME 258 1160441646.2213
TIME 259 1160441646.2243
TIME 260 1160441646.2749
TIME 261 1160441646.2773
TIME 262 1160441646.2803
TIME 263 1160441646.3319
INFO: 760 blocks remaining in msg 0
TIME 264 1160441646.3342
TIME 265 1160441646.3372
TIME 266 1160441646.3651
TIME 267 1160441646.3672
TIME 268 1160441646.3702
TIME 269 1160441646.4205
TIME 270 1160441646.4232
TIME 271 1160441646.4262
INFO: 752 blocks remaining in msg 0
TIME 272 1160441646.4292
TIME 273 1160441646.4796
TIME 274 1160441646.4822
TIME 275 1160441646.4852
TIME 276 1160441646.5358
TIME 277 1160441646.5382
TIME 278 1160441646.5412
TIME 279 1160441646.5930
INFO: 744 blocks remaining in msg 0
TIME 280 1160441646.5952
TIME 281 1160441646.5982
TIME 282 1160441646.6012
TIME 283 1160441646.6537
TIME 284 1160441646.6562
TIME 285 1160441646.6592
TIME 286 1160441646.7125
TIME 287 1160441646.7152
INFO: 736 blocks remaining in msg 0
TIME 288 1160441646.7182
TIME 289 1160441646.7212
TIME 290 1160441646.7777
TIME 291 1160441646.7802
TIME 292 1160441646.7832
TIME 293 1160441646.7862
TIME 294 1160441646.7892
TIME 295 1160441646.8435
INFO: 728 blocks remaining in msg 0
TIME 296 1160441646.8462
TIME 297 1160441646.8492
TIME 298 1160441646.9063
TIME 299 1160441646.9092
TIME 300 1160441646.9121
TIME 301 1160441646.9151
TIME 302 1160441646.9693
TIME 303 1160441646.9722
INFO: 720 blocks remaining in msg 0
TIME 304 1160441646.9751
TIME 305 1160441646.9782
TIME 306 1160441647.0339
TIME 307 1160441647.0361
TIME 308 1160441647.0391
TIME 309 1160441647.0421
TIME 310 1160441647.0980
TIME 311 1160441647.1001
INFO: 712 blocks remaining in msg 0
TIME 312 1160441647.1031
TIME 313 1160441647.1061
TIME 314 1160441647.1616
TIME 315 1160441647.1641
TIME 316 1160441647.1671
TIME 317 1160441647.1701
TIME 318 1160441647.2245
TIME 319 1160441647.2271
INFO: 704 blocks remaining in msg 0
TIME 320 1160441647.2301
TIME 321 1160441647.2839
TIME 322 1160441647.2861
TIME 323 1160441647.2891
TIME 324 1160441647.2921
TIME 325 1160441647.3469
TIME 326 1160441647.3491
TIME 327 1160441647.3521
INFO: 696 blocks remaining in msg 0
TIME 328 1160441647.3551
TIME 329 1160441647.4098
TIME 330 1160441647.4121
TIME 331 1160441647.4151
TIME 332 1160441647.4664
TIME 333 1160441647.4691
TIME 334 1160441647.4721
TIME 335 1160441647.4751
INFO: 688 blocks remaining in msg 0
TIME 336 1160441647.5292
TIME 337 1160441647.5320
TIME 338 1160441647.5350
TIME 339 1160441647.5804
TIME 340 1160441647.5830
TIME 341 1160441647.5860
TIME 342 1160441647.5890
TIME 343 1160441647.6355
INFO: 680 blocks remaining in msg 0
TIME 344 1160441647.6380
TIME 345 1160441647.6725
TIME 346 1160441647.6750
TIME 347 1160441647.6780
TIME 348 1160441647.6810
TIME 349 1160441647.7339
TIME 350 1160441647.7360
TIME 351 1160441647.7390
INFO: 672 blocks remaining in msg 0
TIME 352 1160441647.7420
TIME 353 1160441647.7928
TIME 354 1160441647.7950
TIME 355 1160441647.7980
TIME 356 1160441647.8480
TIME 357 1160441647.8510
TIME 358 1160441647.8540
TIME 359 1160441647.9059
INFO: 664 blocks remaining in msg 0
TIME 360 1160441647.9090
TIME 361 1160441647.9120
TIME 362 1160441647.9150
TIME 363 1160441647.9664
TIME 364 1160441647.9690
TIME 365 1160441647.9720
TIME 366 1160441648.0209
TIME 367 1160441648.0240
INFO: 656 blocks remaining in msg 0
TIME 368 1160441648.0270
TIME 369 1160441648.0300
TIME 370 1160441648.0778
TIME 371 1160441648.0800
TIME 372 1160441648.0830
TIME 373 1160441648.1399
TIME 374 1160441648.1429
TIME 375 1160441648.1459
INFO: 648 blocks remaining in msg 0
TIME 376 1160441648.1489
TIME 377 1160441648.2028
TIME 378 1160441648.2049
TIME 379 1160441648.2079
TIME 380 1160441648.2423
TIME 381 1160441648.2449
TIME 382 1160441648.2479
TIME 383 1160441648.2945
INFO: 640 blocks remaining in msg 0
TIME 384 1160441648.2969
TIME 385 1160441648.2999
TIME 386 1160441648.3517
TIME 387 1160441648.3539
TIME 388 1160441648.3569
TIME 389 1160441648.3599
TIME 390 1160441648.4146
TIME 391 1160441648.4169
INFO: 632 blocks remaining in msg 0
TIME 392 1160441648.4199
TIME 393 1160441648.4229
TIME 394 1160441648.4787
TIME 395 1160441648.4809
TIME 396 1160441648.4839
TIME 397 1160441648.4869
TIME 398 1160441648.5445
TIME 399 1160441648.5469
INFO: 624 blocks remaining in msg 0
TIME 400 1160441648.5499
TIME 401 1160441648.5529
TIME 402 1160441648.6082
TIME 403 1160441648.6109
TIME 404 1160441648.6139
TIME 405 1160441648.6169
TIME 406 1160441648.6710
TIME 407 1160441648.6739
INFO: 616 blocks remaining in msg 0
TIME 408 1160441648.6769
TIME 409 1160441648.7270
TIME 410 1160441648.7298
TIME 411 1160441648.7328
TIME 412 1160441648.7358
TIME 413 1160441648.7899
TIME 414 1160441648.7928
TIME 415 1160441648.7958
INFO: 608 blocks remaining in msg 0
TIME 416 1160441648.7988
TIME 417 1160441648.8554
TIME 418 1160441648.8578
TIME 419 1160441648.8608
TIME 420 1160441648.8638
TIME 421 1160441648.9212
TIME 422 1160441648.9238
TIME 423 1160441648.9268
INFO: 600 blocks remaining in msg 0
TIME 424 1160441648.9298
TIME 425 1160441648.9871
TIME 426 1160441648.9898
TIME 427 1160441648.9928
TIME 428 1160441648.9958
TIME 429 1160441649.0523
TIME 430 1160441649.0548
TIME 431 1160441649.0578
INFO: 592 blocks remaining in msg 0
TIME 432 1160441649.0608
TIME 433 1160441649.1159
TIME 434 1160441649.1188
TIME 435 1160441649.1218
TIME 436 1160441649.1248
TIME 437 1160441649.1795
TIME 438 1160441649.1818
TIME 439 1160441649.1848
INFO: 584 blocks remaining in msg 0
TIME 440 1160441649.1878
TIME 441 1160441649.2424
TIME 442 1160441649.2448
TIME 443 1160441649.2478
TIME 444 1160441649.3012
TIME 445 1160441649.3038
TIME 446 1160441649.3068
TIME 447 1160441649.3098
INFO: 576 blocks remaining in msg 0
TIME 448 1160441649.3640
TIME 449 1160441649.3667
TIME 450 1160441649.3697
TIME 451 1160441649.3727
TIME 452 1160441649.4313
TIME 453 1160441649.4337
TIME 454 1160441649.4367
TIME 455 1160441649.4397
INFO: 568 blocks remaining in msg 0
TIME 456 1160441649.4977
TIME 457 1160441649.5007
TIME 458 1160441649.5037
TIME 459 1160441649.5067
TIME 460 1160441649.5558
TIME 461 1160441649.5587
TIME 462 1160441649.5617
TIME 463 1160441649.6163
INFO: 560 blocks remaining in msg 0
TIME 464 1160441649.6187
TIME 465 1160441649.6217
TIME 466 1160441649.6247
TIME 467 1160441649.6806
TIME 468 1160441649.6827
TIME 469 1160441649.6857
TIME 470 1160441649.6887
TIME 471 1160441649.7459
INFO: 552 blocks remaining in msg 0
TIME 472 1160441649.7487
TIME 473 1160441649.7517
TIME 474 1160441649.7547
TIME 475 1160441649.8087
TIME 476 1160441649.8117
TIME 477 1160441649.8147
TIME 478 1160441649.8177
TIME 479 1160441649.8699
INFO: 544 blocks remaining in msg 0
TIME 480 1160441649.8727
TIME 481 1160441649.8757
TIME 482 1160441649.9311
TIME 483 1160441649.9337
TIME 484 1160441649.9366
TIME 485 1160441649.9876
TIME 486 1160441649.9896
TIME 487 1160441649.9926
INFO: 536 blocks remaining in msg 0
TIME 488 1160441649.9956
TIME 489 1160441650.0504
TIME 490 1160441650.0526
TIME 491 1160441650.0556
TIME 492 1160441650.0586
TIME 493 1160441650.1133
TIME 494 1160441650.1156
TIME 495 1160441650.1186
INFO: 528 blocks remaining in msg 0
TIME 496 1160441650.1216
TIME 497 1160441650.1770
TIME 498 1160441650.1796
TIME 499 1160441650.1826
TIME 500 1160441650.1856
TIME 501 1160441650.2406
TIME 502 1160441650.2436
TIME 503 1160441650.2466
INFO: 520 blocks remaining in msg 0
TIME 504 1160441650.2496
TIME 505 1160441650.3034
TIME 506 1160441650.3056
TIME 507 1160441650.3086
TIME 508 1160441650.3624
TIME 509 1160441650.3646
TIME 510 1160441650.3676
TIME 511 1160441650.3706
INFO: 512 blocks remaining in msg 0
TIME 512 1160441650.4258
TIME 513 1160441650.4286
TIME 514 1160441650.4316
TIME 515 1160441650.4346
TIME 516 1160441650.4886
TIME 517 1160441650.4916
TIME 518 1160441650.4946
TIME 519 1160441650.4976
INFO: 504 blocks remaining in msg 0
TIME 520 1160441650.5546
TIME 521 1160441650.5575
TIME 522 1160441650.5605
TIME 523 1160441650.5635
TIME 524 1160441650.6204
TIME 525 1160441650.6225
TIME 526 1160441650.6255
TIME 527 1160441650.6285
INFO: 496 blocks remaining in msg 0
TIME 528 1160441650.6856
TIME 529 1160441650.6886
TIME 530 1160441650.6915
TIME 531 1160441650.6945
TIME 532 1160441650.7514
TIME 533 1160441650.7535
TIME 534 1160441650.7565
TIME 535 1160441650.7595
INFO: 488 blocks remaining in msg 0
TIME 536 1160441650.8145
TIME 537 1160441650.8175
TIME 538 1160441650.8205
TIME 539 1160441650.8235
TIME 540 1160441650.8265
TIME 541 1160441650.8806
TIME 542 1160441650.8835
TIME 543 1160441650.8865
INFO: 480 blocks remaining in msg 0
TIME 544 1160441650.9418
TIME 545 1160441650.9445
TIME 546 1160441650.9475
TIME 547 1160441650.9505
TIME 548 1160441651.0055
TIME 549 1160441651.0085
TIME 550 1160441651.0115
TIME 551 1160441651.0145
INFO: 472 blocks remaining in msg 0
TIME 552 1160441651.0707
TIME 553 1160441651.0735
TIME 554 1160441651.0765
TIME 555 1160441651.0795
TIME 556 1160441651.1335
TIME 557 1160441651.1365
TIME 558 1160441651.1394
TIME 559 1160441651.1425
INFO: 464 blocks remaining in msg 0
TIME 560 1160441651.1940
TIME 561 1160441651.1964
TIME 562 1160441651.1995
TIME 563 1160441651.2528
TIME 564 1160441651.2554
TIME 565 1160441651.2584
TIME 566 1160441651.3076
TIME 567 1160441651.3104
INFO: 456 blocks remaining in msg 0
TIME 568 1160441651.3134
TIME 569 1160441651.3164
TIME 570 1160441651.3651
TIME 571 1160441651.3674
TIME 572 1160441651.3704
TIME 573 1160441651.4236
TIME 574 1160441651.4264
TIME 575 1160441651.4294
INFO: 448 blocks remaining in msg 0
TIME 576 1160441651.4324
TIME 577 1160441651.4873
TIME 578 1160441651.4894
TIME 579 1160441651.4924
TIME 580 1160441651.4954
TIME 581 1160441651.5461
TIME 582 1160441651.5484
TIME 583 1160441651.5514
INFO: 440 blocks remaining in msg 0
TIME 584 1160441651.6054
TIME 585 1160441651.6084
TIME 586 1160441651.6114
TIME 587 1160441651.6144
TIME 588 1160441651.6713
TIME 589 1160441651.6734
TIME 590 1160441651.6764
TIME 591 1160441651.6794
INFO: 432 blocks remaining in msg 0
TIME 592 1160441651.7371
TIME 593 1160441651.7394
TIME 594 1160441651.7423
TIME 595 1160441651.7454
TIME 596 1160441651.8029
TIME 597 1160441651.8053
TIME 598 1160441651.8083
TIME 599 1160441651.8113
INFO: 424 blocks remaining in msg 0
TIME 600 1160441651.8681
TIME 601 1160441651.8703
TIME 602 1160441651.8733
TIME 603 1160441651.8763
TIME 604 1160441651.9318
TIME 605 1160441651.9343
TIME 606 1160441651.9373
TIME 607 1160441651.9854
INFO: 416 blocks remaining in msg 0
TIME 608 1160441651.9883
TIME 609 1160441651.9913
TIME 610 1160441651.9943
TIME 611 1160441652.0483
TIME 612 1160441652.0513
TIME 613 1160441652.0543
TIME 614 1160441652.0826
TIME 615 1160441652.0853
INFO: 408 blocks remaining in msg 0
TIME 616 1160441652.0883
TIME 617 1160441652.0913
TIME 618 1160441652.1407
TIME 619 1160441652.1433
TIME 620 1160441652.1463
TIME 621 1160441652.2009
TIME 622 1160441652.2033
TIME 623 1160441652.2063
INFO: 400 blocks remaining in msg 0
TIME 624 1160441652.2093
TIME 625 1160441652.2646
TIME 626 1160441652.2673
TIME 627 1160441652.2703
TIME 628 1160441652.2733
TIME 629 1160441652.3292
TIME 630 1160441652.3323
TIME 631 1160441652.3353
INFO: 392 blocks remaining in msg 0
TIME 632 1160441652.3382
TIME 633 1160441652.3944
TIME 634 1160441652.3972
TIME 635 1160441652.4002
TIME 636 1160441652.4033
TIME 637 1160441652.4584
TIME 638 1160441652.4612
TIME 639 1160441652.4642
INFO: 384 blocks remaining in msg 0
TIME 640 1160441652.4672
TIME 641 1160441652.5180
TIME 642 1160441652.5202
TIME 643 1160441652.5232
TIME 644 1160441652.5780
TIME 645 1160441652.5802
TIME 646 1160441652.5832
TIME 647 1160441652.5862
INFO: 376 blocks remaining in msg 0
TIME 648 1160441652.6417
TIME 649 1160441652.6442
TIME 650 1160441652.6473
TIME 651 1160441652.6502
TIME 652 1160441652.7069
TIME 653 1160441652.7092
TIME 654 1160441652.7122
TIME 655 1160441652.7152
INFO: 368 blocks remaining in msg 0
TIME 656 1160441652.7697
TIME 657 1160441652.7722
TIME 658 1160441652.7752
TIME 659 1160441652.7782
TIME 660 1160441652.8302
TIME 661 1160441652.8332
TIME 662 1160441652.8362
TIME 663 1160441652.8906
INFO: 360 blocks remaining in msg 0
TIME 664 1160441652.8932
TIME 665 1160441652.8962
TIME 666 1160441652.9414
TIME 667 1160441652.9442
TIME 668 1160441652.9472
TIME 669 1160441652.9964
TIME 670 1160441652.9991
TIME 671 1160441653.0021
INFO: 352 blocks remaining in msg 0
TIME 672 1160441653.0051
TIME 673 1160441653.0592
TIME 674 1160441653.0621
TIME 675 1160441653.0652
TIME 676 1160441653.0681
TIME 677 1160441653.1229
TIME 678 1160441653.1251
TIME 679 1160441653.1281
INFO: 344 blocks remaining in msg 0
TIME 680 1160441653.1311
TIME 681 1160441653.1857
TIME 682 1160441653.1881
TIME 683 1160441653.1911
TIME 684 1160441653.2453
TIME 685 1160441653.2481
TIME 686 1160441653.2511
TIME 687 1160441653.2541
INFO: 336 blocks remaining in msg 0
TIME 688 1160441653.3106
TIME 689 1160441653.3131
TIME 690 1160441653.3161
TIME 691 1160441653.3191
TIME 692 1160441653.3758
TIME 693 1160441653.3781
TIME 694 1160441653.3811
TIME 695 1160441653.3841
INFO: 328 blocks remaining in msg 0
TIME 696 1160441653.4386
TIME 697 1160441653.4411
TIME 698 1160441653.4441
TIME 699 1160441653.4471
TIME 700 1160441653.5024
TIME 701 1160441653.5051
TIME 702 1160441653.5081
TIME 703 1160441653.5111
INFO: 320 blocks remaining in msg 0
TIME 704 1160441653.5652
TIME 705 1160441653.5680
TIME 706 1160441653.5710
TIME 707 1160441653.6247
TIME 708 1160441653.6270
TIME 709 1160441653.6300
TIME 710 1160441653.6330
TIME 711 1160441653.6876
INFO: 312 blocks remaining in msg 0
TIME 712 1160441653.6900
TIME 713 1160441653.6930
TIME 714 1160441653.6960
TIME 715 1160441653.7504
TIME 716 1160441653.7530
TIME 717 1160441653.7560
TIME 718 1160441653.7590
TIME 719 1160441653.8145
INFO: 304 blocks remaining in msg 0
TIME 720 1160441653.8170
TIME 721 1160441653.8200
TIME 722 1160441653.8230
TIME 723 1160441653.8782
TIME 724 1160441653.8810
TIME 725 1160441653.8840
TIME 726 1160441653.8870
TIME 727 1160441653.9410
INFO: 296 blocks remaining in msg 0
TIME 728 1160441653.9440
TIME 729 1160441653.9470
TIME 730 1160441653.9758
TIME 731 1160441653.9780
TIME 732 1160441653.9810
TIME 733 1160441654.0312
TIME 734 1160441654.0340
TIME 735 1160441654.0370
INFO: 288 blocks remaining in msg 0
TIME 736 1160441654.0877
TIME 737 1160441654.0900
TIME 738 1160441654.0930
TIME 739 1160441654.0960
TIME 740 1160441654.1505
TIME 741 1160441654.1530
TIME 742 1160441654.1560
TIME 743 1160441654.1590
INFO: 280 blocks remaining in msg 0
TIME 744 1160441654.2134
TIME 745 1160441654.2159
TIME 746 1160441654.2189
TIME 747 1160441654.2219
TIME 748 1160441654.2771
TIME 749 1160441654.2799
TIME 750 1160441654.2829
TIME 751 1160441654.2859
INFO: 272 blocks remaining in msg 0
TIME 752 1160441654.3407
TIME 753 1160441654.3429
TIME 754 1160441654.3459
TIME 755 1160441654.3489
TIME 756 1160441654.4036
TIME 757 1160441654.4059
TIME 758 1160441654.4089
TIME 759 1160441654.4650
INFO: 264 blocks remaining in msg 0
TIME 760 1160441654.4679
TIME 761 1160441654.4709
TIME 762 1160441654.4739
TIME 763 1160441654.4769
TIME 764 1160441654.5308
TIME 765 1160441654.5329
TIME 766 1160441654.5359
TIME 767 1160441654.5389
INFO: 256 blocks remaining in msg 0
TIME 768 1160441654.6012
TIME 769 1160441654.6039
TIME 770 1160441654.6069
TIME 771 1160441654.6670
TIME 772 1160441654.6699
TIME 773 1160441654.6729
TIME 774 1160441654.6759
TIME 775 1160441654.7322
INFO: 248 blocks remaining in msg 0
TIME 776 1160441654.7349
TIME 777 1160441654.7379
TIME 778 1160441654.7409
TIME 779 1160441654.7958
TIME 780 1160441654.7989
TIME 781 1160441654.8018
TIME 782 1160441654.8048
TIME 783 1160441654.8594
INFO: 240 blocks remaining in msg 0
TIME 784 1160441654.8618
TIME 785 1160441654.8648
TIME 786 1160441654.8678
TIME 787 1160441654.9191
TIME 788 1160441654.9218
TIME 789 1160441654.9248
TIME 790 1160441654.9786
TIME 791 1160441654.9808
INFO: 232 blocks remaining in msg 0
TIME 792 1160441654.9838
TIME 793 1160441654.9868
TIME 794 1160441655.0385
TIME 795 1160441655.0408
TIME 796 1160441655.0438
TIME 797 1160441655.0984
TIME 798 1160441655.1008
TIME 799 1160441655.1038
INFO: 224 blocks remaining in msg 0
TIME 800 1160441655.1548
TIME 801 1160441655.1578
TIME 802 1160441655.1608
TIME 803 1160441655.1638
TIME 804 1160441655.2177
TIME 805 1160441655.2198
TIME 806 1160441655.2228
TIME 807 1160441655.2258
INFO: 216 blocks remaining in msg 0
TIME 808 1160441655.2805
TIME 809 1160441655.2828
TIME 810 1160441655.2858
TIME 811 1160441655.2888
TIME 812 1160441655.3441
TIME 813 1160441655.3468
TIME 814 1160441655.3498
TIME 815 1160441655.3528
INFO: 208 blocks remaining in msg 0
TIME 816 1160441655.4078
TIME 817 1160441655.4107
TIME 818 1160441655.4137
TIME 819 1160441655.4167
TIME 820 1160441655.4706
TIME 821 1160441655.4727
TIME 822 1160441655.4757
TIME 823 1160441655.5299
INFO: 200 blocks remaining in msg 0
TIME 824 1160441655.5327
TIME 825 1160441655.5357
TIME 826 1160441655.5387
TIME 827 1160441655.5934
TIME 828 1160441655.5957
TIME 829 1160441655.5987
TIME 830 1160441655.6017
TIME 831 1160441655.6562
INFO: 192 blocks remaining in msg 0
TIME 832 1160441655.6587
TIME 833 1160441655.6617
TIME 834 1160441655.6647
TIME 835 1160441655.7220
TIME 836 1160441655.7247
TIME 837 1160441655.7277
TIME 838 1160441655.7307
TIME 839 1160441655.7879
INFO: 184 blocks remaining in msg 0
TIME 840 1160441655.7907
TIME 841 1160441655.7937
TIME 842 1160441655.7967
TIME 843 1160441655.7997
TIME 844 1160441655.8537
TIME 845 1160441655.8567
TIME 846 1160441655.8597
TIME 847 1160441655.9165
INFO: 176 blocks remaining in msg 0
TIME 848 1160441655.9187
TIME 849 1160441655.9217
TIME 850 1160441655.9247
TIME 851 1160441655.9795
TIME 852 1160441655.9817
TIME 853 1160441655.9846
TIME 854 1160441655.9877
TIME 855 1160441656.0432
INFO: 168 blocks remaining in msg 0
TIME 856 1160441656.0456
TIME 857 1160441656.0486
TIME 858 1160441656.0990
TIME 859 1160441656.1016
TIME 860 1160441656.1046
TIME 861 1160441656.1076
TIME 862 1160441656.1639
TIME 863 1160441656.1666
INFO: 160 blocks remaining in msg 0
TIME 864 1160441656.1696
TIME 865 1160441656.2154
TIME 866 1160441656.2176
TIME 867 1160441656.2206
TIME 868 1160441656.2236
TIME 869 1160441656.2705
TIME 870 1160441656.2726
TIME 871 1160441656.2756
INFO: 152 blocks remaining in msg 0
TIME 872 1160441656.3306
TIME 873 1160441656.3336
TIME 874 1160441656.3366
TIME 875 1160441656.3396
TIME 876 1160441656.3964
TIME 877 1160441656.3986
TIME 878 1160441656.4016
TIME 879 1160441656.4046
INFO: 144 blocks remaining in msg 0
TIME 880 1160441656.4601
TIME 881 1160441656.4626
TIME 882 1160441656.4656
TIME 883 1160441656.4686
TIME 884 1160441656.5229
TIME 885 1160441656.5256
TIME 886 1160441656.5286
TIME 887 1160441656.5316
INFO: 136 blocks remaining in msg 0
TIME 888 1160441656.5857
TIME 889 1160441656.5886
TIME 890 1160441656.5915
TIME 891 1160441656.5946
TIME 892 1160441656.6486
TIME 893 1160441656.6515
TIME 894 1160441656.6545
TIME 895 1160441656.6575
INFO: 128 blocks remaining in msg 0
TIME 896 1160441656.7114
TIME 897 1160441656.7135
TIME 898 1160441656.7165
TIME 899 1160441656.7727
TIME 900 1160441656.7755
TIME 901 1160441656.7785
TIME 902 1160441656.7815
TIME 903 1160441656.8386
INFO: 120 blocks remaining in msg 0
TIME 904 1160441656.8415
TIME 905 1160441656.8445
TIME 906 1160441656.8475
TIME 907 1160441656.9014
TIME 908 1160441656.9035
TIME 909 1160441656.9065
TIME 910 1160441656.9095
TIME 911 1160441656.9650
INFO: 112 blocks remaining in msg 0
TIME 912 1160441656.9675
TIME 913 1160441656.9705
TIME 914 1160441656.9735
TIME 915 1160441657.0286
TIME 916 1160441657.0315
TIME 917 1160441657.0345
TIME 918 1160441657.0375
TIME 919 1160441657.0869
INFO: 104 blocks remaining in msg 0
TIME 920 1160441657.0895
TIME 921 1160441657.0925
TIME 922 1160441657.1517
TIME 923 1160441657.1545
TIME 924 1160441657.1575
TIME 925 1160441657.1605
TIME 926 1160441657.2169
TIME 927 1160441657.2194
INFO: 96 blocks remaining in msg 0
TIME 928 1160441657.2224
TIME 929 1160441657.2254
TIME 930 1160441657.2798
TIME 931 1160441657.2824
TIME 932 1160441657.2854
TIME 933 1160441657.2884
TIME 934 1160441657.3435
TIME 935 1160441657.3464
INFO: 88 blocks remaining in msg 0
TIME 936 1160441657.3494
TIME 937 1160441657.3524
TIME 938 1160441657.4063
TIME 939 1160441657.4084
TIME 940 1160441657.4114
TIME 941 1160441657.4659
TIME 942 1160441657.4684
TIME 943 1160441657.4714
INFO: 80 blocks remaining in msg 0
TIME 944 1160441657.4744
TIME 945 1160441657.5287
TIME 946 1160441657.5314
TIME 947 1160441657.5344
TIME 948 1160441657.5374
TIME 949 1160441657.5915
TIME 950 1160441657.5944
TIME 951 1160441657.5974
INFO: 72 blocks remaining in msg 0
TIME 952 1160441657.6004
TIME 953 1160441657.6544
TIME 954 1160441657.6574
TIME 955 1160441657.6604
TIME 956 1160441657.6634
TIME 957 1160441657.7180
TIME 958 1160441657.7204
TIME 959 1160441657.7234
INFO: 64 blocks remaining in msg 0
TIME 960 1160441657.7264
TIME 961 1160441657.7758
TIME 962 1160441657.7784
TIME 963 1160441657.7814
TIME 964 1160441657.8395
TIME 965 1160441657.8423
TIME 966 1160441657.8453
TIME 967 1160441657.8483
INFO: 56 blocks remaining in msg 0
TIME 968 1160441657.9047
TIME 969 1160441657.9073
TIME 970 1160441657.9103
TIME 971 1160441657.9133
TIME 972 1160441657.9683
TIME 973 1160441657.9713
TIME 974 1160441657.9743
TIME 975 1160441658.0048
INFO: 48 blocks remaining in msg 0
TIME 976 1160441658.0073
TIME 977 1160441658.0103
TIME 978 1160441658.0562
TIME 979 1160441658.0583
TIME 980 1160441658.0613
TIME 981 1160441658.0643
TIME 982 1160441658.1166
TIME 983 1160441658.1193
INFO: 40 blocks remaining in msg 0
TIME 984 1160441658.1223
TIME 985 1160441658.1743
TIME 986 1160441658.1773
TIME 987 1160441658.1803
TIME 988 1160441658.1833
TIME 989 1160441658.2371
TIME 990 1160441658.2393
TIME 991 1160441658.2423
INFO: 32 blocks remaining in msg 0
TIME 992 1160441658.2938
TIME 993 1160441658.2963
TIME 994 1160441658.2993
TIME 995 1160441658.3023
TIME 996 1160441658.3569
TIME 997 1160441658.3593
TIME 998 1160441658.3623
TIME 999 1160441658.4141
INFO: 24 blocks remaining in msg 0
TIME 1000 1160441658.4163
TIME 1001 1160441658.4192
TIME 1002 1160441658.4223
TIME 1003 1160441658.4769
TIME 1004 1160441658.4792
TIME 1005 1160441658.4822
TIME 1006 1160441658.4852
TIME 1007 1160441658.5398
INFO: 16 blocks remaining in msg 0
TIME 1008 1160441658.5422
TIME 1009 1160441658.5452
TIME 1010 1160441658.5482
TIME 1011 1160441658.6034
TIME 1012 1160441658.6062
TIME 1013 1160441658.6092
TIME 1014 1160441658.6122
TIME 1015 1160441658.6671
INFO: 8 blocks remaining in msg 0
TIME 1016 1160441658.6692
TIME 1017 1160441658.6722
TIME 1018 1160441658.6752
TIME 1019 1160441658.7299
TIME 1020 1160441658.7322
TIME 1021 1160441658.7352
TIME 1022 1160441658.7849
TIME 1023 1160441658.7872
INFO: 0 blocks remaining in msg 0
INFO: only 0 msgs remaining
Done, exiting.
