Instrumenting '../supafly/sfmiddleman -dd -s 8192 -c 1024 -h elab-1 -o' with libnetmon
DEBUG: connect from 10.0.0.2:34733
DEBUG: (send client!) connect from 10.0.0.2:34963
BLOCKTIME(e): 1 1839 at 1160441681.362519
BLOCKTIME(e): 2 1810 at 1160441681.388591
BLOCKTIME(e): 3 1812 at 1160441681.433910
BLOCKTIME(e): 4 1991 at 1160441681.436184
BLOCKTIME(e): 5 1848 at 1160441681.464824
BLOCKTIME(e): 6 1792 at 1160441681.466942
BLOCKTIME(e): 7 1847 at 1160441681.494434
BLOCKTIME(e): 8 1990 at 1160441681.496724
BLOCKTIME(e): 9 1851 at 1160441681.498840
BLOCKTIME(e): 10 1837 at 1160441681.505279
BLOCKTIME(e): 11 1791 at 1160441681.520838
BLOCKTIME(e): 12 1827 at 1160441681.547531
BLOCKTIME(e): 13 2031 at 1160441681.559100
BLOCKTIME(e): 14 1829 at 1160441681.568910
BLOCKTIME(e): 15 1817 at 1160441681.580367
BLOCKTIME(e): 16 1814 at 1160441681.592024
BLOCKTIME(e): 17 1908 at 1160441681.601581
BLOCKTIME(e): 18 1828 at 1160441681.618858
BLOCKTIME(e): 19 1814 at 1160441681.631010
BLOCKTIME(e): 20 1828 at 1160441681.640546
BLOCKTIME(e): 21 1994 at 1160441681.652029
BLOCKTIME(e): 22 1870 at 1160441681.663782
BLOCKTIME(e): 23 1826 at 1160441681.674679
BLOCKTIME(e): 24 1814 at 1160441681.686148
BLOCKTIME(e): 25 2102 at 1160441681.697902
BLOCKTIME(e): 26 1828 at 1160441681.707418
BLOCKTIME(e): 27 1830 at 1160441681.719486
BLOCKTIME(e): 28 1830 at 1160441681.730853
BLOCKTIME(e): 29 1831 at 1160441681.741514
BLOCKTIME(e): 30 2035 at 1160441681.753099
BLOCKTIME(e): 31 1870 at 1160441681.764591
BLOCKTIME(e): 32 1819 at 1160441681.774132
BLOCKTIME(e): 33 1828 at 1160441681.785907
BLOCKTIME(e): 34 1832 at 1160441681.797378
BLOCKTIME(e): 35 1838 at 1160441681.807207
BLOCKTIME(e): 36 1828 at 1160441681.818604
BLOCKTIME(e): 37 1830 at 1160441681.830273
BLOCKTIME(e): 38 1828 at 1160441681.839866
BLOCKTIME(e): 39 2050 at 1160441681.873204
BLOCKTIME(e): 40 1887 at 1160441681.875379
BLOCKTIME(e): 41 1871 at 1160441681.878833
BLOCKTIME(e): 42 1842 at 1160441681.926958
BLOCKTIME(e): 43 1863 at 1160441681.929110
BLOCKTIME(e): 44 1830 at 1160441681.931466
BLOCKTIME(e): 45 1843 at 1160441681.935650
BLOCKTIME(e): 46 1815 at 1160441681.949769
BLOCKTIME(e): 47 1848 at 1160441681.961391
BLOCKTIME(e): 48 1990 at 1160441681.977540
BLOCKTIME(e): 49 1821 at 1160441681.986878
BLOCKTIME(e): 50 1825 at 1160441682.012933
BLOCKTIME(e): 51 1907 at 1160441682.025608
BLOCKTIME(e): 52 1821 at 1160441682.033944
BLOCKTIME(e): 53 2004 at 1160441682.057574
BLOCKTIME(e): 54 1879 at 1160441682.059719
BLOCKTIME(e): 55 1830 at 1160441682.068802
BLOCKTIME(e): 56 1840 at 1160441682.110145
BLOCKTIME(e): 57 1827 at 1160441682.121503
BLOCKTIME(e): 58 1864 at 1160441682.131053
BLOCKTIME(e): 59 1827 at 1160441682.142436
BLOCKTIME(e): 60 1905 at 1160441682.154883
BLOCKTIME(e): 61 1877 at 1160441682.164452
BLOCKTIME(e): 62 2002 at 1160441682.176034
BLOCKTIME(e): 63 1834 at 1160441682.187283
BLOCKTIME(e): 64 1842 at 1160441682.216894
BLOCKTIME(e): 65 1893 at 1160441682.228278
BLOCKTIME(e): 66 1992 at 1160441682.239741
BLOCKTIME(e): 67 1963 at 1160441682.249332
BLOCKTIME(e): 68 1833 at 1160441682.266523
BLOCKTIME(e): 69 1880 at 1160441682.280320
BLOCKTIME(e): 70 1820 at 1160441682.291035
BLOCKTIME(e): 71 1839 at 1160441682.321303
BLOCKTIME(e): 72 1868 at 1160441682.332665
BLOCKTIME(e): 73 1830 at 1160441682.342115
BLOCKTIME(e): 74 1830 at 1160441682.368149
BLOCKTIME(e): 75 1827 at 1160441682.379510
BLOCKTIME(e): 76 1821 at 1160441682.388976
BLOCKTIME(e): 77 1827 at 1160441682.400466
BLOCKTIME(e): 78 1826 at 1160441682.420391
BLOCKTIME(e): 79 1816 at 1160441682.429926
BLOCKTIME(e): 80 1844 at 1160441682.441785
BLOCKTIME(e): 81 1833 at 1160441682.453137
BLOCKTIME(e): 82 1824 at 1160441682.485281
BLOCKTIME(e): 83 2070 at 1160441682.487607
BLOCKTIME(e): 84 1866 at 1160441682.498519
BLOCKTIME(e): 85 1827 at 1160441682.508243
BLOCKTIME(e): 86 1840 at 1160441682.527357
BLOCKTIME(e): 87 2032 at 1160441682.536995
BLOCKTIME(e): 88 1826 at 1160441682.548249
BLOCKTIME(e): 89 1838 at 1160441682.575201
BLOCKTIME(e): 90 1829 at 1160441682.584068
BLOCKTIME(e): 91 1827 at 1160441682.594838
BLOCKTIME(e): 92 1827 at 1160441682.605557
BLOCKTIME(e): 93 1830 at 1160441682.630209
BLOCKTIME(e): 94 1830 at 1160441682.632309
BLOCKTIME(e): 95 1828 at 1160441682.642700
BLOCKTIME(e): 96 1990 at 1160441682.651831
BLOCKTIME(e): 97 1825 at 1160441682.685592
BLOCKTIME(e): 98 1826 at 1160441682.695905
BLOCKTIME(e): 99 1829 at 1160441682.704538
BLOCKTIME(e): 100 2002 at 1160441682.717039
BLOCKTIME(e): 101 1826 at 1160441682.727067
BLOCKTIME(e): 102 1828 at 1160441682.735558
BLOCKTIME(e): 103 1833 at 1160441682.779053
BLOCKTIME(e): 104 2025 at 1160441682.789806
BLOCKTIME(e): 105 1817 at 1160441682.797890
BLOCKTIME(e): 106 1828 at 1160441682.808156
BLOCKTIME(e): 107 1863 at 1160441682.820654
BLOCKTIME(e): 108 2010 at 1160441682.829612
BLOCKTIME(e): 109 1828 at 1160441682.839482
BLOCKTIME(e): 110 1827 at 1160441682.849751
BLOCKTIME(e): 111 1836 at 1160441682.880506
BLOCKTIME(e): 112 1870 at 1160441682.890173
BLOCKTIME(e): 113 2017 at 1160441682.900202
BLOCKTIME(e): 114 1860 at 1160441682.908392
BLOCKTIME(e): 115 1829 at 1160441682.930138
BLOCKTIME(e): 116 1835 at 1160441682.940032
BLOCKTIME(e): 117 1989 at 1160441682.948338
BLOCKTIME(e): 118 1829 at 1160441682.975204
BLOCKTIME(e): 119 1834 at 1160441682.984791
BLOCKTIME(e): 120 1828 at 1160441682.992672
BLOCKTIME(e): 121 1831 at 1160441683.002093
BLOCKTIME(e): 122 2042 at 1160441683.032337
BLOCKTIME(e): 123 1841 at 1160441683.034468
BLOCKTIME(e): 124 1823 at 1160441683.039935
BLOCKTIME(e): 125 1804 at 1160441683.047900
BLOCKTIME(e): 126 1993 at 1160441683.079306
BLOCKTIME(e): 127 1829 at 1160441683.087415
BLOCKTIME(e): 128 1827 at 1160441683.094482
BLOCKTIME(e): 129 1837 at 1160441683.111672
BLOCKTIME(e): 130 1893 at 1160441683.120084
BLOCKTIME(e): 131 2007 at 1160441683.127200
BLOCKTIME(e): 132 1819 at 1160441683.162918
BLOCKTIME(e): 133 1880 at 1160441683.173029
BLOCKTIME(e): 134 1834 at 1160441683.179370
BLOCKTIME(e): 135 1830 at 1160441683.187638
BLOCKTIME(e): 136 1967 at 1160441683.206726
BLOCKTIME(e): 137 1813 at 1160441683.214806
BLOCKTIME(e): 138 1830 at 1160441683.223101
BLOCKTIME(e): 139 1833 at 1160441683.231380
BLOCKTIME(e): 140 2965 at 1160441683.269194
BLOCKTIME(e): 141 1853 at 1160441683.271458
BLOCKTIME(e): 142 1878 at 1160441683.275652
BLOCKTIME(e): 143 1838 at 1160441683.281489
BLOCKTIME(e): 144 1992 at 1160441683.305288
BLOCKTIME(e): 145 1831 at 1160441683.313039
BLOCKTIME(e): 146 1831 at 1160441683.319697
BLOCKTIME(e): 147 1805 at 1160441683.353822
BLOCKTIME(e): 148 2158 at 1160441683.356235
BLOCKTIME(e): 149 1836 at 1160441683.360538
BLOCKTIME(e): 150 1825 at 1160441683.384758
BLOCKTIME(e): 151 1830 at 1160441683.392389
BLOCKTIME(e): 152 1814 at 1160441683.398787
BLOCKTIME(e): 153 1831 at 1160441683.406505
BLOCKTIME(e): 154 1831 at 1160441683.429403
BLOCKTIME(e): 155 1926 at 1160441683.436170
BLOCKTIME(e): 156 1834 at 1160441683.443977
BLOCKTIME(e): 157 1992 at 1160441683.451795
BLOCKTIME(e): 158 1814 at 1160441683.476799
BLOCKTIME(e): 159 1809 at 1160441683.478916
BLOCKTIME(e): 160 1830 at 1160441683.484443
BLOCKTIME(e): 161 1829 at 1160441683.519873
BLOCKTIME(e): 162 1833 at 1160441683.526441
BLOCKTIME(e): 163 1896 at 1160441683.532005
BLOCKTIME(e): 164 1838 at 1160441683.556682
BLOCKTIME(e): 165 1830 at 1160441683.563357
BLOCKTIME(e): 166 2016 at 1160441683.570054
BLOCKTIME(e): 167 1833 at 1160441683.599366
BLOCKTIME(e): 168 1832 at 1160441683.606026
BLOCKTIME(e): 169 1825 at 1160441683.611495
BLOCKTIME(e): 170 1987 at 1160441683.618341
BLOCKTIME(e): 171 1874 at 1160441683.640390
BLOCKTIME(e): 172 1826 at 1160441683.645910
BLOCKTIME(e): 173 1828 at 1160441683.652492
BLOCKTIME(e): 174 1916 at 1160441683.659260
BLOCKTIME(e): 175 1996 at 1160441683.683626
BLOCKTIME(e): 176 1833 at 1160441683.690164
BLOCKTIME(e): 177 1820 at 1160441683.696735
BLOCKTIME(e): 178 1862 at 1160441683.705495
BLOCKTIME(e): 179 1836 at 1160441683.725876
BLOCKTIME(e): 180 1830 at 1160441683.732288
BLOCKTIME(e): 181 1827 at 1160441683.737908
BLOCKTIME(e): 182 1821 at 1160441683.764602
BLOCKTIME(e): 183 1998 at 1160441683.768090
BLOCKTIME(e): 184 1837 at 1160441683.772314
BLOCKTIME(e): 185 1831 at 1160441683.809487
BLOCKTIME(e): 186 1839 at 1160441683.816077
BLOCKTIME(e): 187 1834 at 1160441683.821582
BLOCKTIME(e): 188 2049 at 1160441683.828503
BLOCKTIME(e): 189 1832 at 1160441683.850575
BLOCKTIME(e): 190 1827 at 1160441683.856088
BLOCKTIME(e): 191 1819 at 1160441683.862725
BLOCKTIME(e): 192 2058 at 1160441683.869532
BLOCKTIME(e): 193 1831 at 1160441683.900147
BLOCKTIME(e): 194 1817 at 1160441683.906807
BLOCKTIME(e): 195 1870 at 1160441683.912342
BLOCKTIME(e): 196 1922 at 1160441683.919083
BLOCKTIME(e): 197 2036 at 1160441683.941336
BLOCKTIME(e): 198 1823 at 1160441683.946714
BLOCKTIME(e): 199 1829 at 1160441683.953286
BLOCKTIME(e): 200 1837 at 1160441683.981342
BLOCKTIME(e): 201 1994 at 1160441683.987020
BLOCKTIME(e): 202 1829 at 1160441683.993489
BLOCKTIME(e): 203 1833 at 1160441684.022418
BLOCKTIME(e): 204 1830 at 1160441684.027883
BLOCKTIME(e): 205 1988 at 1160441684.034720
BLOCKTIME(e): 206 1874 at 1160441684.041207
BLOCKTIME(e): 207 1830 at 1160441684.065482
BLOCKTIME(e): 208 1828 at 1160441684.072161
BLOCKTIME(e): 209 1818 at 1160441684.078745
BLOCKTIME(e): 210 1832 at 1160441684.084276
BLOCKTIME(e): 211 1819 at 1160441684.114164
BLOCKTIME(e): 212 1834 at 1160441684.118567
BLOCKTIME(e): 213 1907 at 1160441684.124315
BLOCKTIME(e): 214 1995 at 1160441684.149748
BLOCKTIME(e): 215 1872 at 1160441684.156193
BLOCKTIME(e): 216 1833 at 1160441684.161791
BLOCKTIME(e): 217 1841 at 1160441684.192165
BLOCKTIME(e): 218 1822 at 1160441684.198742
BLOCKTIME(e): 219 1831 at 1160441684.204311
BLOCKTIME(e): 220 1831 at 1160441684.210896
BLOCKTIME(e): 221 1842 at 1160441684.232955
BLOCKTIME(e): 222 1831 at 1160441684.238541
BLOCKTIME(e): 223 1989 at 1160441684.244345
BLOCKTIME(e): 224 1835 at 1160441684.277035
BLOCKTIME(e): 225 1829 at 1160441684.282506
BLOCKTIME(e): 226 1825 at 1160441684.289178
BLOCKTIME(e): 227 1818 at 1160441684.295752
BLOCKTIME(e): 228 2003 at 1160441684.317000
BLOCKTIME(e): 229 1841 at 1160441684.323538
BLOCKTIME(e): 230 1846 at 1160441684.329204
BLOCKTIME(e): 231 1846 at 1160441684.363224
BLOCKTIME(e): 232 1988 at 1160441684.372220
BLOCKTIME(e): 233 1826 at 1160441684.379567
BLOCKTIME(e): 234 1826 at 1160441684.388529
BLOCKTIME(e): 235 1828 at 1160441684.404486
BLOCKTIME(e): 236 1878 at 1160441684.412004
BLOCKTIME(e): 237 1993 at 1160441684.421094
BLOCKTIME(e): 238 1831 at 1160441684.429815
BLOCKTIME(e): 239 1829 at 1160441684.464201
BLOCKTIME(e): 240 1832 at 1160441684.467607
BLOCKTIME(e): 241 1994 at 1160441684.476161
BLOCKTIME(e): 242 1871 at 1160441684.497475
BLOCKTIME(e): 243 1867 at 1160441684.506338
BLOCKTIME(e): 244 1869 at 1160441684.515317
BLOCKTIME(e): 245 1830 at 1160441684.522820
BLOCKTIME(e): 246 2004 at 1160441684.553575
BLOCKTIME(e): 247 1858 at 1160441684.556933
BLOCKTIME(e): 248 1830 at 1160441684.563876
BLOCKTIME(e): 249 1874 at 1160441684.592730
BLOCKTIME(e): 250 1974 at 1160441684.601702
BLOCKTIME(e): 251 1830 at 1160441684.608941
BLOCKTIME(e): 252 1828 at 1160441684.617958
BLOCKTIME(e): 253 1831 at 1160441684.640157
BLOCKTIME(e): 254 2052 at 1160441684.647745
BLOCKTIME(e): 255 1826 at 1160441684.656495
BLOCKTIME(e): 256 1862 at 1160441684.665409
BLOCKTIME(e): 257 1994 at 1160441684.697893
BLOCKTIME(e): 258 1912 at 1160441684.701282
BLOCKTIME(e): 259 1817 at 1160441684.709570
BLOCKTIME(e): 260 1833 at 1160441684.730812
BLOCKTIME(e): 261 2032 at 1160441684.739877
BLOCKTIME(e): 262 1830 at 1160441684.748755
BLOCKTIME(e): 263 1831 at 1160441684.756195
BLOCKTIME(e): 264 1830 at 1160441684.780984
BLOCKTIME(e): 265 1829 at 1160441684.789955
BLOCKTIME(e): 266 1996 at 1160441684.797588
BLOCKTIME(e): 267 1863 at 1160441684.806347
BLOCKTIME(e): 268 1808 at 1160441684.835541
BLOCKTIME(e): 269 1816 at 1160441684.837618
BLOCKTIME(e): 270 2005 at 1160441684.841669
BLOCKTIME(e): 271 1818 at 1160441684.875620
BLOCKTIME(e): 272 1812 at 1160441684.884496
BLOCKTIME(e): 273 1984 at 1160441684.893514
BLOCKTIME(e): 274 1840 at 1160441684.900813
BLOCKTIME(e): 275 1841 at 1160441684.916737
BLOCKTIME(e): 276 1833 at 1160441684.925690
BLOCKTIME(e): 277 1829 at 1160441684.933053
BLOCKTIME(e): 278 2000 at 1160441684.970833
BLOCKTIME(e): 279 1871 at 1160441684.981150
BLOCKTIME(e): 280 1794 at 1160441684.988600
BLOCKTIME(e): 281 1829 at 1160441684.998687
BLOCKTIME(e): 282 1996 at 1160441685.015612
BLOCKTIME(e): 283 1866 at 1160441685.022953
BLOCKTIME(e): 284 1828 at 1160441685.031889
BLOCKTIME(e): 285 1830 at 1160441685.040867
BLOCKTIME(e): 286 1835 at 1160441685.072989
BLOCKTIME(e): 287 2034 at 1160441685.076441
BLOCKTIME(e): 288 1828 at 1160441685.084849
BLOCKTIME(e): 289 1830 at 1160441685.109200
BLOCKTIME(e): 290 1825 at 1160441685.118071
BLOCKTIME(e): 291 1829 at 1160441685.127047
BLOCKTIME(e): 292 1815 at 1160441685.134520
BLOCKTIME(e): 293 1836 at 1160441685.165256
BLOCKTIME(e): 294 1821 at 1160441685.167315
BLOCKTIME(e): 295 1830 at 1160441685.174120
BLOCKTIME(e): 296 1821 at 1160441685.200455
BLOCKTIME(e): 297 1827 at 1160441685.209314
BLOCKTIME(e): 298 1836 at 1160441685.216816
BLOCKTIME(e): 299 2000 at 1160441685.227238
BLOCKTIME(e): 300 1827 at 1160441685.251417
BLOCKTIME(e): 301 1828 at 1160441685.258784
BLOCKTIME(e): 302 1826 at 1160441685.267752
BLOCKTIME(e): 303 1993 at 1160441685.275366
BLOCKTIME(e): 304 1844 at 1160441685.308312
BLOCKTIME(e): 305 1814 at 1160441685.310390
BLOCKTIME(e): 306 1929 at 1160441685.313876
BLOCKTIME(e): 307 1834 at 1160441685.340185
BLOCKTIME(e): 308 1816 at 1160441685.348552
BLOCKTIME(e): 309 1859 at 1160441685.355559
BLOCKTIME(e): 310 1828 at 1160441685.364096
BLOCKTIME(e): 311 1822 at 1160441685.386546
BLOCKTIME(e): 312 1829 at 1160441685.393601
BLOCKTIME(e): 313 1992 at 1160441685.402274
BLOCKTIME(e): 314 1838 at 1160441685.434037
BLOCKTIME(e): 315 1831 at 1160441685.441000
BLOCKTIME(e): 316 1814 at 1160441685.449471
BLOCKTIME(e): 317 2017 at 1160441685.469338
BLOCKTIME(e): 318 1833 at 1160441685.476220
BLOCKTIME(e): 319 1827 at 1160441685.484695
BLOCKTIME(e): 320 1832 at 1160441685.493168
BLOCKTIME(e): 321 1994 at 1160441685.520550
BLOCKTIME(e): 322 1828 at 1160441685.528857
BLOCKTIME(e): 323 1832 at 1160441685.537236
BLOCKTIME(e): 324 1832 at 1160441685.544247
BLOCKTIME(e): 325 1822 at 1160441685.564597
BLOCKTIME(e): 326 1834 at 1160441685.570219
BLOCKTIME(e): 327 1828 at 1160441685.577232
BLOCKTIME(e): 328 1837 at 1160441685.616232
BLOCKTIME(e): 329 1830 at 1160441685.624599
BLOCKTIME(e): 330 1829 at 1160441685.631646
BLOCKTIME(e): 331 1826 at 1160441685.640090
BLOCKTIME(e): 332 1835 at 1160441685.657346
BLOCKTIME(e): 333 1844 at 1160441685.664598
BLOCKTIME(e): 334 1869 at 1160441685.672711
BLOCKTIME(e): 335 1818 at 1160441685.709377
BLOCKTIME(e): 336 1820 at 1160441685.716376
BLOCKTIME(e): 337 1829 at 1160441685.724745
BLOCKTIME(e): 338 1832 at 1160441685.733229
BLOCKTIME(e): 339 1838 at 1160441685.749220
BLOCKTIME(e): 340 1990 at 1160441685.757804
BLOCKTIME(e): 341 1827 at 1160441685.764589
BLOCKTIME(e): 342 1848 at 1160441685.773083
BLOCKTIME(e): 343 1831 at 1160441685.814619
BLOCKTIME(e): 344 1831 at 1160441685.821582
BLOCKTIME(e): 345 1994 at 1160441685.833086
BLOCKTIME(e): 346 1864 at 1160441685.850337
BLOCKTIME(e): 347 1816 at 1160441685.857398
BLOCKTIME(e): 348 1830 at 1160441685.866015
BLOCKTIME(e): 349 1819 at 1160441685.874494
BLOCKTIME(e): 350 1837 at 1160441685.912884
BLOCKTIME(e): 351 1910 at 1160441685.921287
BLOCKTIME(e): 352 1828 at 1160441685.929584
BLOCKTIME(e): 353 1863 at 1160441685.936738
BLOCKTIME(e): 354 1999 at 1160441685.964814
BLOCKTIME(e): 355 1830 at 1160441685.972983
BLOCKTIME(e): 356 1826 at 1160441685.980450
BLOCKTIME(e): 357 1902 at 1160441686.014977
BLOCKTIME(e): 358 1990 at 1160441686.025790
BLOCKTIME(e): 359 1817 at 1160441686.034462
BLOCKTIME(e): 360 1828 at 1160441686.063143
BLOCKTIME(e): 361 1829 at 1160441686.073856
BLOCKTIME(e): 362 1887 at 1160441686.082958
BLOCKTIME(e): 363 2041 at 1160441686.093958
BLOCKTIME(e): 364 1829 at 1160441686.114689
BLOCKTIME(e): 365 1829 at 1160441686.123585
BLOCKTIME(e): 366 1829 at 1160441686.134247
BLOCKTIME(e): 367 1829 at 1160441686.144822
BLOCKTIME(e): 368 2004 at 1160441686.168942
BLOCKTIME(e): 369 1882 at 1160441686.174094
BLOCKTIME(e): 370 1878 at 1160441686.184846
BLOCKTIME(e): 371 1857 at 1160441686.193795
BLOCKTIME(e): 372 1827 at 1160441686.222114
BLOCKTIME(e): 373 1817 at 1160441686.233383
BLOCKTIME(e): 374 1864 at 1160441686.243093
BLOCKTIME(e): 375 1826 at 1160441686.256689
BLOCKTIME(e): 376 1827 at 1160441686.267769
BLOCKTIME(e): 377 2041 at 1160441686.279217
BLOCKTIME(e): 378 1801 at 1160441686.290338
BLOCKTIME(e): 379 1817 at 1160441686.323047
BLOCKTIME(e): 380 1834 at 1160441686.328622
BLOCKTIME(e): 381 1995 at 1160441686.340164
BLOCKTIME(e): 382 1870 at 1160441686.349588
BLOCKTIME(e): 383 1865 at 1160441686.366598
BLOCKTIME(e): 384 1898 at 1160441686.377952
BLOCKTIME(e): 385 1818 at 1160441686.387368
BLOCKTIME(e): 386 1796 at 1160441686.421762
BLOCKTIME(e): 387 1889 at 1160441686.425062
BLOCKTIME(e): 388 1808 at 1160441686.435922
BLOCKTIME(e): 389 1792 at 1160441686.460252
BLOCKTIME(e): 390 1967 at 1160441686.474181
BLOCKTIME(e): 391 1809 at 1160441686.487782
BLOCKTIME(e): 392 1805 at 1160441686.501729
BLOCKTIME(e): 393 1795 at 1160441686.518287
BLOCKTIME(e): 394 1969 at 1160441686.531870
BLOCKTIME(e): 395 1800 at 1160441686.548011
BLOCKTIME(e): 396 1789 at 1160441686.564271
BLOCKTIME(e): 397 1802 at 1160441686.597525
BLOCKTIME(e): 398 2044 at 1160441686.599810
BLOCKTIME(e): 399 1811 at 1160441686.612040
BLOCKTIME(e): 400 1879 at 1160441686.628424
BLOCKTIME(e): 401 1804 at 1160441686.648046
BLOCKTIME(e): 402 1986 at 1160441686.667339
BLOCKTIME(e): 403 1791 at 1160441686.683328
BLOCKTIME(e): 404 1783 at 1160441686.719343
BLOCKTIME(e): 405 1814 at 1160441686.722622
BLOCKTIME(e): 406 2018 at 1160441686.738653
BLOCKTIME(e): 407 1806 at 1160441686.758655
BLOCKTIME(e): 408 1806 at 1160441686.777683
BLOCKTIME(e): 409 1805 at 1160441686.793696
BLOCKTIME(e): 410 1816 at 1160441686.812982
BLOCKTIME(e): 411 1971 at 1160441686.830018
BLOCKTIME(e): 412 1804 at 1160441686.848994
BLOCKTIME(e): 413 1792 at 1160441686.868333
BLOCKTIME(e): 414 1790 at 1160441686.884268
BLOCKTIME(e): 415 1791 at 1160441686.917335
BLOCKTIME(e): 416 1815 at 1160441686.923560
BLOCKTIME(e): 417 1807 at 1160441686.939666
BLOCKTIME(e): 418 1801 at 1160441686.959799
BLOCKTIME(e): 419 1966 at 1160441686.978930
BLOCKTIME(e): 420 1804 at 1160441686.994815
BLOCKTIME(e): 421 1793 at 1160441687.014268
BLOCKTIME(e): 422 1793 at 1160441687.035215
BLOCKTIME(e): 423 1803 at 1160441687.051054
BLOCKTIME(e): 424 1791 at 1160441687.071196
BLOCKTIME(e): 425 1807 at 1160441687.090551
BLOCKTIME(e): 426 1794 at 1160441687.107309
BLOCKTIME(e): 427 1806 at 1160441687.126504
BLOCKTIME(e): 428 1804 at 1160441687.145749
BLOCKTIME(e): 429 1805 at 1160441687.161859
BLOCKTIME(e): 430 1802 at 1160441687.181601
BLOCKTIME(e): 431 1804 at 1160441687.201049
BLOCKTIME(e): 432 1972 at 1160441687.217229
BLOCKTIME(e): 433 1805 at 1160441687.236372
BLOCKTIME(e): 434 1791 at 1160441687.256117
BLOCKTIME(e): 435 1808 at 1160441687.272464
BLOCKTIME(e): 436 1981 at 1160441687.293576
BLOCKTIME(e): 437 1807 at 1160441687.325722
BLOCKTIME(e): 438 1802 at 1160441687.388750
BLOCKTIME(e): 439 1783 at 1160441687.390787
BLOCKTIME(e): 440 1795 at 1160441687.425183
BLOCKTIME(e): 441 1806 at 1160441687.456471
BLOCKTIME(e): 442 1889 at 1160441687.492709
BLOCKTIME(e): 443 1805 at 1160441687.527975
BLOCKTIME(e): 444 1813 at 1160441687.556583
BLOCKTIME(e): 445 1979 at 1160441687.591266
BLOCKTIME(e): 446 1807 at 1160441687.621876
BLOCKTIME(e): 447 1805 at 1160441687.643469
BLOCKTIME(e): 448 1811 at 1160441687.669412
BLOCKTIME(e): 449 1816 at 1160441687.691039
BLOCKTIME(e): 450 1809 at 1160441687.715241
BLOCKTIME(e): 451 1794 at 1160441687.741057
BLOCKTIME(e): 452 1812 at 1160441687.762863
BLOCKTIME(e): 453 1794 at 1160441687.789174
BLOCKTIME(e): 454 1800 at 1160441687.813136
BLOCKTIME(e): 455 1807 at 1160441687.831522
BLOCKTIME(e): 456 1803 at 1160441687.853916
BLOCKTIME(e): 457 1810 at 1160441687.876569
BLOCKTIME(e): 458 1970 at 1160441687.895559
BLOCKTIME(e): 459 1810 at 1160441687.915659
BLOCKTIME(e): 460 1804 at 1160441687.934797
BLOCKTIME(e): 461 1806 at 1160441687.950993
BLOCKTIME(e): 462 1806 at 1160441687.970351
BLOCKTIME(e): 463 1804 at 1160441687.989686
BLOCKTIME(e): 464 1817 at 1160441688.005731
BLOCKTIME(e): 465 1969 at 1160441688.025103
BLOCKTIME(e): 466 1806 at 1160441688.045188
BLOCKTIME(e): 467 1807 at 1160441688.062290
BLOCKTIME(e): 468 1802 at 1160441688.081344
BLOCKTIME(e): 469 1821 at 1160441688.100422
BLOCKTIME(e): 470 1990 at 1160441688.115494
BLOCKTIME(e): 471 1791 at 1160441688.133054
BLOCKTIME(e): 472 1805 at 1160441688.150508
BLOCKTIME(e): 473 1811 at 1160441688.165230
BLOCKTIME(e): 474 1964 at 1160441688.183341
BLOCKTIME(e): 475 1804 at 1160441688.200825
BLOCKTIME(e): 476 1798 at 1160441688.215135
BLOCKTIME(e): 477 1805 at 1160441688.232387
BLOCKTIME(e): 478 1806 at 1160441688.249942
BLOCKTIME(e): 479 1965 at 1160441688.264513
BLOCKTIME(e): 480 1803 at 1160441688.281513
BLOCKTIME(e): 481 1802 at 1160441688.301058
BLOCKTIME(e): 482 1806 at 1160441688.314368
BLOCKTIME(e): 483 1804 at 1160441688.330322
BLOCKTIME(e): 484 1842 at 1160441688.344560
BLOCKTIME(e): 485 1806 at 1160441688.359413
BLOCKTIME(e): 486 1803 at 1160441688.375354
BLOCKTIME(e): 487 1802 at 1160441688.388674
BLOCKTIME(e): 488 2016 at 1160441688.404958
BLOCKTIME(e): 489 1808 at 1160441688.418491
BLOCKTIME(e): 490 1806 at 1160441688.455734
BLOCKTIME(e): 491 1818 at 1160441688.457787
BLOCKTIME(e): 492 2010 at 1160441688.461275
BLOCKTIME(e): 493 1807 at 1160441688.481434
BLOCKTIME(e): 494 1840 at 1160441688.495915
BLOCKTIME(e): 495 1806 at 1160441688.509286
BLOCKTIME(e): 496 1809 at 1160441688.532260
BLOCKTIME(e): 497 1819 at 1160441688.536743
BLOCKTIME(e): 498 1809 at 1160441688.547746
BLOCKTIME(e): 499 1804 at 1160441688.583773
BLOCKTIME(e): 500 1844 at 1160441688.597124
BLOCKTIME(e): 501 1811 at 1160441688.607421
BLOCKTIME(e): 502 1806 at 1160441688.619867
BLOCKTIME(e): 503 1802 at 1160441688.633045
BLOCKTIME(e): 504 1998 at 1160441688.643602
BLOCKTIME(e): 505 1807 at 1160441688.655752
BLOCKTIME(e): 506 1809 at 1160441688.692661
BLOCKTIME(e): 507 1796 at 1160441688.703036
BLOCKTIME(e): 508 1816 at 1160441688.715425
BLOCKTIME(e): 509 1996 at 1160441688.728061
BLOCKTIME(e): 510 1853 at 1160441688.738881
BLOCKTIME(e): 511 1806 at 1160441688.751298
BLOCKTIME(e): 512 1812 at 1160441688.765142
BLOCKTIME(e): 513 1993 at 1160441688.775734
BLOCKTIME(e): 514 1808 at 1160441688.806756
BLOCKTIME(e): 515 1796 at 1160441688.821941
BLOCKTIME(e): 516 1805 at 1160441688.834577
BLOCKTIME(e): 517 1973 at 1160441688.849900
BLOCKTIME(e): 518 1796 at 1160441688.868107
BLOCKTIME(e): 519 1808 at 1160441688.878180
BLOCKTIME(e): 520 1805 at 1160441688.893527
BLOCKTIME(e): 521 1818 at 1160441688.920777
BLOCKTIME(e): 522 1969 at 1160441688.932776
BLOCKTIME(e): 523 1808 at 1160441688.947097
BLOCKTIME(e): 524 1807 at 1160441688.961632
BLOCKTIME(e): 525 1809 at 1160441688.974220
BLOCKTIME(e): 526 1839 at 1160441688.989282
BLOCKTIME(e): 527 1973 at 1160441689.003724
BLOCKTIME(e): 528 1810 at 1160441689.016102
BLOCKTIME(e): 529 1804 at 1160441689.031145
BLOCKTIME(e): 530 1805 at 1160441689.044609
BLOCKTIME(e): 531 1808 at 1160441689.056141
BLOCKTIME(e): 532 1969 at 1160441689.069763
BLOCKTIME(e): 533 1803 at 1160441689.082425
BLOCKTIME(e): 534 1806 at 1160441689.097079
BLOCKTIME(e): 535 1804 at 1160441689.110550
BLOCKTIME(e): 536 2433 at 1160441689.122095
BLOCKTIME(e): 537 1841 at 1160441689.156910
BLOCKTIME(e): 538 1785 at 1160441689.159015
BLOCKTIME(e): 539 1810 at 1160441689.161040
BLOCKTIME(e): 540 1993 at 1160441689.187866
BLOCKTIME(e): 541 1809 at 1160441689.202604
BLOCKTIME(e): 542 1807 at 1160441689.212560
BLOCKTIME(e): 543 1812 at 1160441689.224731
BLOCKTIME(e): 544 2049 at 1160441689.239147
BLOCKTIME(e): 545 1809 at 1160441689.249080
BLOCKTIME(e): 546 1805 at 1160441689.261042
BLOCKTIME(e): 547 1839 at 1160441689.297691
BLOCKTIME(e): 548 2001 at 1160441689.307302
BLOCKTIME(e): 549 1828 at 1160441689.318497
BLOCKTIME(e): 550 1816 at 1160441689.329878
BLOCKTIME(e): 551 1817 at 1160441689.339876
BLOCKTIME(e): 552 1993 at 1160441689.351404
BLOCKTIME(e): 553 1826 at 1160441689.362589
BLOCKTIME(e): 554 1878 at 1160441689.372002
BLOCKTIME(e): 555 1843 at 1160441689.405429
BLOCKTIME(e): 556 2034 at 1160441689.414567
BLOCKTIME(e): 557 1833 at 1160441689.423733
BLOCKTIME(e): 558 1832 at 1160441689.441691
BLOCKTIME(e): 559 1829 at 1160441689.452539
BLOCKTIME(e): 560 1995 at 1160441689.463181
BLOCKTIME(e): 561 1815 at 1160441689.473893
BLOCKTIME(e): 562 1828 at 1160441689.503520
BLOCKTIME(e): 563 1871 at 1160441689.512220
BLOCKTIME(e): 564 2057 at 1160441689.522777
BLOCKTIME(e): 565 1993 at 1160441689.533194
BLOCKTIME(e): 566 1834 at 1160441689.544519
BLOCKTIME(e): 567 1829 at 1160441689.554992
BLOCKTIME(e): 568 1836 at 1160441689.565049
BLOCKTIME(e): 569 2072 at 1160441689.591648
BLOCKTIME(e): 570 1830 at 1160441689.601646
BLOCKTIME(e): 571 1819 at 1160441689.609925
BLOCKTIME(e): 572 1814 at 1160441689.619908
BLOCKTIME(e): 573 1823 at 1160441689.645118
BLOCKTIME(e): 574 2630 at 1160441689.648021
BLOCKTIME(e): 575 1845 at 1160441689.653352
BLOCKTIME(e): 576 1828 at 1160441689.692606
BLOCKTIME(e): 577 1817 at 1160441689.700794
BLOCKTIME(e): 578 1816 at 1160441689.708867
BLOCKTIME(e): 579 1832 at 1160441689.717648
BLOCKTIME(e): 580 1835 at 1160441689.730129
BLOCKTIME(e): 581 1813 at 1160441689.738869
BLOCKTIME(e): 582 2016 at 1160441689.748117
BLOCKTIME(e): 583 1815 at 1160441689.754995
BLOCKTIME(e): 584 1819 at 1160441689.792955
BLOCKTIME(e): 585 1836 at 1160441689.799732
BLOCKTIME(e): 586 1830 at 1160441689.807091
BLOCKTIME(e): 587 2002 at 1160441689.832397
BLOCKTIME(e): 588 1880 at 1160441689.841046
BLOCKTIME(e): 589 1833 at 1160441689.848268
BLOCKTIME(e): 590 1828 at 1160441689.857070
BLOCKTIME(e): 591 1829 at 1160441689.883697
BLOCKTIME(e): 592 1869 at 1160441689.891005
BLOCKTIME(e): 593 1818 at 1160441689.899742
BLOCKTIME(e): 594 1827 at 1160441689.908512
BLOCKTIME(e): 595 1824 at 1160441689.934274
BLOCKTIME(e): 596 2010 at 1160441689.937742
BLOCKTIME(e): 597 1833 at 1160441689.945935
BLOCKTIME(e): 598 1818 at 1160441689.976838
BLOCKTIME(e): 599 1828 at 1160441689.985608
BLOCKTIME(e): 600 1992 at 1160441689.994447
BLOCKTIME(e): 601 1816 at 1160441690.001720
BLOCKTIME(e): 602 1844 at 1160441690.021062
BLOCKTIME(e): 603 1818 at 1160441690.029809
BLOCKTIME(e): 604 2014 at 1160441690.037258
BLOCKTIME(e): 605 1831 at 1160441690.070502
BLOCKTIME(e): 606 1815 at 1160441690.077851
BLOCKTIME(e): 607 1827 at 1160441690.086637
BLOCKTIME(e): 608 1858 at 1160441690.096838
BLOCKTIME(e): 609 1832 at 1160441690.112991
BLOCKTIME(e): 610 1814 at 1160441690.122043
BLOCKTIME(e): 611 1828 at 1160441690.132072
BLOCKTIME(e): 612 2047 at 1160441690.139516
BLOCKTIME(e): 613 1835 at 1160441690.172613
BLOCKTIME(e): 614 1829 at 1160441690.181385
BLOCKTIME(e): 615 1815 at 1160441690.188682
BLOCKTIME(e): 616 1995 at 1160441690.207299
BLOCKTIME(e): 617 1877 at 1160441690.215952
BLOCKTIME(e): 618 1868 at 1160441690.223212
BLOCKTIME(e): 619 1828 at 1160441690.233419
BLOCKTIME(e): 620 1819 at 1160441690.263368
BLOCKTIME(e): 621 1991 at 1160441690.269234
BLOCKTIME(e): 622 1832 at 1160441690.277847
BLOCKTIME(e): 623 1832 at 1160441690.300089
BLOCKTIME(e): 624 1873 at 1160441690.307293
BLOCKTIME(e): 625 1872 at 1160441690.315968
BLOCKTIME(e): 626 2035 at 1160441690.324921
BLOCKTIME(e): 627 1831 at 1160441690.342871
BLOCKTIME(e): 628 1831 at 1160441690.351546
BLOCKTIME(e): 629 1828 at 1160441690.360220
BLOCKTIME(e): 630 1828 at 1160441690.367487
BLOCKTIME(e): 631 2009 at 1160441690.397515
BLOCKTIME(e): 632 1839 at 1160441690.399623
BLOCKTIME(e): 633 1843 at 1160441690.403124
BLOCKTIME(e): 634 1833 at 1160441690.431434
BLOCKTIME(e): 635 2044 at 1160441690.440318
BLOCKTIME(e): 636 1871 at 1160441690.447221
BLOCKTIME(e): 637 1862 at 1160441690.455998
BLOCKTIME(e): 638 1831 at 1160441690.473905
BLOCKTIME(e): 639 1832 at 1160441690.481155
BLOCKTIME(e): 640 1993 at 1160441690.489852
BLOCKTIME(e): 641 1783 at 1160441690.510728
BLOCKTIME(e): 642 1832 at 1160441690.523272
BLOCKTIME(e): 643 1830 at 1160441690.531947
BLOCKTIME(e): 644 1993 at 1160441690.539348
BLOCKTIME(e): 645 1825 at 1160441690.563272
BLOCKTIME(e): 646 1829 at 1160441690.571953
BLOCKTIME(e): 647 1870 at 1160441690.579165
BLOCKTIME(e): 648 1832 at 1160441690.600969
BLOCKTIME(e): 649 2031 at 1160441690.609741
BLOCKTIME(e): 650 1828 at 1160441690.616831
BLOCKTIME(e): 651 1827 at 1160441690.625508
BLOCKTIME(e): 652 1808 at 1160441690.651662
BLOCKTIME(e): 653 1818 at 1160441690.653737
BLOCKTIME(e): 654 1821 at 1160441690.661703
BLOCKTIME(e): 655 1827 at 1160441690.691753
BLOCKTIME(e): 656 1831 at 1160441690.698914
BLOCKTIME(e): 657 1828 at 1160441690.707490
BLOCKTIME(e): 658 2003 at 1160441690.732401
BLOCKTIME(e): 659 1829 at 1160441690.739491
BLOCKTIME(e): 660 1827 at 1160441690.748167
BLOCKTIME(e): 661 1815 at 1160441690.756734
BLOCKTIME(e): 662 1994 at 1160441690.782155
BLOCKTIME(e): 663 1814 at 1160441690.790663
BLOCKTIME(e): 664 1831 at 1160441690.799344
BLOCKTIME(e): 665 1827 at 1160441690.807980
BLOCKTIME(e): 666 2042 at 1160441690.833276
BLOCKTIME(e): 667 1885 at 1160441690.837406
BLOCKTIME(e): 668 1830 at 1160441690.844567
BLOCKTIME(e): 669 1829 at 1160441690.876937
BLOCKTIME(e): 670 1994 at 1160441690.885790
BLOCKTIME(e): 671 1829 at 1160441690.892780
BLOCKTIME(e): 672 1826 at 1160441690.901451
BLOCKTIME(e): 673 1832 at 1160441690.918017
BLOCKTIME(e): 674 1829 at 1160441690.925208
BLOCKTIME(e): 675 2003 at 1160441690.934019
BLOCKTIME(e): 676 1880 at 1160441690.941100
BLOCKTIME(e): 677 1820 at 1160441690.975069
BLOCKTIME(e): 678 1836 at 1160441690.979361
BLOCKTIME(e): 679 2013 at 1160441690.986952
BLOCKTIME(e): 680 1860 at 1160441690.995496
BLOCKTIME(e): 681 1831 at 1160441691.016165
BLOCKTIME(e): 682 1827 at 1160441691.023430
BLOCKTIME(e): 683 1992 at 1160441691.032271
BLOCKTIME(e): 684 1819 at 1160441691.068426
BLOCKTIME(e): 685 1864 at 1160441691.070519
BLOCKTIME(e): 686 1842 at 1160441691.074251
BLOCKTIME(e): 687 1879 at 1160441691.099895
BLOCKTIME(e): 688 1826 at 1160441691.107002
BLOCKTIME(e): 689 1819 at 1160441691.115671
BLOCKTIME(e): 690 1826 at 1160441691.124452
BLOCKTIME(e): 691 1831 at 1160441691.145424
BLOCKTIME(e): 692 1991 at 1160441691.154309
BLOCKTIME(e): 693 1832 at 1160441691.162773
BLOCKTIME(e): 694 1863 at 1160441691.170075
BLOCKTIME(e): 695 1810 at 1160441691.204671
BLOCKTIME(e): 696 1871 at 1160441691.206803
BLOCKTIME(e): 697 2069 at 1160441691.209121
BLOCKTIME(e): 698 1838 at 1160441691.237980
BLOCKTIME(e): 699 1818 at 1160441691.246644
BLOCKTIME(e): 700 1828 at 1160441691.253754
BLOCKTIME(e): 701 2044 at 1160441691.262716
BLOCKTIME(e): 702 1829 at 1160441691.280239
BLOCKTIME(e): 703 1831 at 1160441691.287436
BLOCKTIME(e): 704 1830 at 1160441691.296010
BLOCKTIME(e): 705 1971 at 1160441691.320629
BLOCKTIME(e): 706 1833 at 1160441691.334176
BLOCKTIME(e): 707 1833 at 1160441691.342875
BLOCKTIME(e): 708 1833 at 1160441691.367011
BLOCKTIME(e): 709 2309 at 1160441691.374692
BLOCKTIME(e): 710 1829 at 1160441691.383081
BLOCKTIME(e): 711 1832 at 1160441691.392943
BLOCKTIME(e): 712 1838 at 1160441691.415980
BLOCKTIME(e): 713 1859 at 1160441691.424594
BLOCKTIME(e): 714 1833 at 1160441691.431847
BLOCKTIME(e): 715 1817 at 1160441691.440535
BLOCKTIME(e): 716 1822 at 1160441691.465765
BLOCKTIME(e): 717 1830 at 1160441691.467840
BLOCKTIME(e): 718 2049 at 1160441691.476135
BLOCKTIME(e): 719 1828 at 1160441691.506565
BLOCKTIME(e): 720 1829 at 1160441691.513730
BLOCKTIME(e): 721 1833 at 1160441691.522307
BLOCKTIME(e): 722 2000 at 1160441691.543821
BLOCKTIME(e): 723 1830 at 1160441691.550918
BLOCKTIME(e): 724 1815 at 1160441691.559586
BLOCKTIME(e): 725 1827 at 1160441691.568165
BLOCKTIME(e): 726 1818 at 1160441691.592521
BLOCKTIME(e): 727 1997 at 1160441691.601163
BLOCKTIME(e): 728 1831 at 1160441691.609373
BLOCKTIME(e): 729 1838 at 1160441691.616354
BLOCKTIME(e): 730 1824 at 1160441691.641291
BLOCKTIME(e): 731 1995 at 1160441691.645650
BLOCKTIME(e): 732 1829 at 1160441691.652359
BLOCKTIME(e): 733 1833 at 1160441691.683679
BLOCKTIME(e): 734 1831 at 1160441691.691950
BLOCKTIME(e): 735 1999 at 1160441691.698991
BLOCKTIME(e): 736 1868 at 1160441691.707254
BLOCKTIME(e): 737 1831 at 1160441691.724652
BLOCKTIME(e): 738 1830 at 1160441691.731660
BLOCKTIME(e): 739 1832 at 1160441691.739921
BLOCKTIME(e): 740 1997 at 1160441691.748365
BLOCKTIME(e): 741 1833 at 1160441691.777213
BLOCKTIME(e): 742 1817 at 1160441691.785570
BLOCKTIME(e): 743 1830 at 1160441691.793864
BLOCKTIME(e): 744 1978 at 1160441691.801086
BLOCKTIME(e): 745 1828 at 1160441691.821247
BLOCKTIME(e): 746 1831 at 1160441691.829631
BLOCKTIME(e): 747 1869 at 1160441691.836599
BLOCKTIME(e): 748 1998 at 1160441691.869773
BLOCKTIME(e): 749 1866 at 1160441691.871911
BLOCKTIME(e): 750 1834 at 1160441691.877911
BLOCKTIME(e): 751 1835 at 1160441691.904984
BLOCKTIME(e): 752 1830 at 1160441691.911849
BLOCKTIME(e): 753 2000 at 1160441691.920396
BLOCKTIME(e): 754 1819 at 1160441691.927501
BLOCKTIME(e): 755 1836 at 1160441691.948881
BLOCKTIME(e): 756 1831 at 1160441691.957191
BLOCKTIME(e): 757 1866 at 1160441691.965538
BLOCKTIME(e): 758 1831 at 1160441691.997722
BLOCKTIME(e): 759 1829 at 1160441692.005994
BLOCKTIME(e): 760 1837 at 1160441692.013019
BLOCKTIME(e): 761 1998 at 1160441692.021550
BLOCKTIME(e): 762 1837 at 1160441692.038940
BLOCKTIME(e): 763 1828 at 1160441692.045887
BLOCKTIME(e): 764 1826 at 1160441692.054262
BLOCKTIME(e): 765 1838 at 1160441692.089893
BLOCKTIME(e): 766 1997 at 1160441692.096934
BLOCKTIME(e): 767 1832 at 1160441692.105143
BLOCKTIME(e): 768 1820 at 1160441692.113522
BLOCKTIME(e): 769 1834 at 1160441692.130695
BLOCKTIME(e): 770 1829 at 1160441692.139038
BLOCKTIME(e): 771 1838 at 1160441692.147595
BLOCKTIME(e): 772 1799 at 1160441692.154362
BLOCKTIME(e): 773 1827 at 1160441692.189813
BLOCKTIME(e): 774 1832 at 1160441692.198095
BLOCKTIME(e): 775 1998 at 1160441692.205231
BLOCKTIME(e): 776 1839 at 1160441692.222662
BLOCKTIME(e): 777 1829 at 1160441692.231192
BLOCKTIME(e): 778 1832 at 1160441692.238037
BLOCKTIME(e): 779 2050 at 1160441692.277623
BLOCKTIME(e): 780 1828 at 1160441692.285657
BLOCKTIME(e): 781 1831 at 1160441692.292528
BLOCKTIME(e): 782 1829 at 1160441692.299928
BLOCKTIME(e): 783 1993 at 1160441692.317250
BLOCKTIME(e): 784 1816 at 1160441692.325352
BLOCKTIME(e): 785 1826 at 1160441692.332319
BLOCKTIME(e): 786 2014 at 1160441692.369724
BLOCKTIME(e): 787 1827 at 1160441692.377797
BLOCKTIME(e): 788 1817 at 1160441692.384484
BLOCKTIME(e): 789 1876 at 1160441692.392732
BLOCKTIME(e): 790 1828 at 1160441692.410629
BLOCKTIME(e): 791 1990 at 1160441692.417856
BLOCKTIME(e): 792 1870 at 1160441692.425812
BLOCKTIME(e): 793 1826 at 1160441692.433845
BLOCKTIME(e): 794 1827 at 1160441692.469118
BLOCKTIME(e): 795 2031 at 1160441692.472670
BLOCKTIME(e): 796 1873 at 1160441692.478884
BLOCKTIME(e): 797 1838 at 1160441692.501094
BLOCKTIME(e): 798 1828 at 1160441692.509950
BLOCKTIME(e): 799 1870 at 1160441692.517861
BLOCKTIME(e): 800 1814 at 1160441692.524419
BLOCKTIME(e): 801 1836 at 1160441692.550562
BLOCKTIME(e): 802 1833 at 1160441692.558641
BLOCKTIME(e): 803 1867 at 1160441692.566722
BLOCKTIME(e): 804 2053 at 1160441692.594246
BLOCKTIME(e): 805 1835 at 1160441692.602008
BLOCKTIME(e): 806 1830 at 1160441692.608596
BLOCKTIME(e): 807 1831 at 1160441692.616573
BLOCKTIME(e): 808 2002 at 1160441692.636506
BLOCKTIME(e): 809 1827 at 1160441692.642886
BLOCKTIME(e): 810 1831 at 1160441692.650866
BLOCKTIME(e): 811 1864 at 1160441692.658796
BLOCKTIME(e): 812 1868 at 1160441692.696022
BLOCKTIME(e): 813 2487 at 1160441692.698768
BLOCKTIME(e): 814 1902 at 1160441692.700981
BLOCKTIME(e): 815 1827 at 1160441692.725398
BLOCKTIME(e): 816 1829 at 1160441692.733144
BLOCKTIME(e): 817 1995 at 1160441692.741088
BLOCKTIME(e): 818 1816 at 1160441692.747366
BLOCKTIME(e): 819 1824 at 1160441692.770323
BLOCKTIME(e): 820 1868 at 1160441692.776770
BLOCKTIME(e): 821 2006 at 1160441692.784614
BLOCKTIME(e): 822 1825 at 1160441692.816364
BLOCKTIME(e): 823 1829 at 1160441692.822620
BLOCKTIME(e): 824 1819 at 1160441692.830303
BLOCKTIME(e): 825 2855 at 1160441692.838947
BLOCKTIME(e): 826 1839 at 1160441692.856173
BLOCKTIME(e): 827 1829 at 1160441692.863796
BLOCKTIME(e): 828 1816 at 1160441692.871374
BLOCKTIME(e): 829 1977 at 1160441692.877884
BLOCKTIME(e): 830 1821 at 1160441692.925522
BLOCKTIME(e): 831 1850 at 1160441692.927620
BLOCKTIME(e): 832 1845 at 1160441692.929684
BLOCKTIME(e): 833 1838 at 1160441692.961761
BLOCKTIME(e): 834 1996 at 1160441692.969376
BLOCKTIME(e): 835 1838 at 1160441692.975450
BLOCKTIME(e): 836 1826 at 1160441692.982937
BLOCKTIME(e): 837 1837 at 1160441693.005836
BLOCKTIME(e): 838 2054 at 1160441693.012227
BLOCKTIME(e): 839 1826 at 1160441693.019476
BLOCKTIME(e): 840 1832 at 1160441693.050611
BLOCKTIME(e): 841 1831 at 1160441693.056796
BLOCKTIME(e): 842 1861 at 1160441693.064315
BLOCKTIME(e): 843 1833 at 1160441693.071857
BLOCKTIME(e): 844 1838 at 1160441693.090720
BLOCKTIME(e): 845 1827 at 1160441693.098190
BLOCKTIME(e): 846 1997 at 1160441693.105812
BLOCKTIME(e): 847 1805 at 1160441693.111870
BLOCKTIME(e): 848 1806 at 1160441693.140628
BLOCKTIME(e): 849 1828 at 1160441693.150617
BLOCKTIME(e): 850 1997 at 1160441693.157069
BLOCKTIME(e): 851 1816 at 1160441693.164291
BLOCKTIME(e): 852 1820 at 1160441693.193459
BLOCKTIME(e): 853 1884 at 1160441693.195580
BLOCKTIME(e): 854 2085 at 1160441693.199128
BLOCKTIME(e): 855 1821 at 1160441693.232320
BLOCKTIME(e): 856 1826 at 1160441693.239583
BLOCKTIME(e): 857 1829 at 1160441693.246867
BLOCKTIME(e): 858 1795 at 1160441693.258360
BLOCKTIME(e): 859 1839 at 1160441693.272921
BLOCKTIME(e): 860 1818 at 1160441693.280297
BLOCKTIME(e): 861 1816 at 1160441693.314191
BLOCKTIME(e): 862 1991 at 1160441693.321628
BLOCKTIME(e): 863 1830 at 1160441693.328848
BLOCKTIME(e): 864 1832 at 1160441693.334954
BLOCKTIME(e): 865 1830 at 1160441693.354994
BLOCKTIME(e): 866 1834 at 1160441693.362378
BLOCKTIME(e): 867 1996 at 1160441693.368609
BLOCKTIME(e): 868 1867 at 1160441693.375867
BLOCKTIME(e): 869 1827 at 1160441693.401948
BLOCKTIME(e): 870 1832 at 1160441693.407955
BLOCKTIME(e): 871 1834 at 1160441693.415672
BLOCKTIME(e): 872 1995 at 1160441693.423072
BLOCKTIME(e): 873 1824 at 1160441693.450868
BLOCKTIME(e): 874 1849 at 1160441693.452966
BLOCKTIME(e): 875 1882 at 1160441693.456868
BLOCKTIME(e): 876 2065 at 1160441693.463204
BLOCKTIME(e): 877 1828 at 1160441693.495012
BLOCKTIME(e): 878 1823 at 1160441693.502202
BLOCKTIME(e): 879 1819 at 1160441693.508276
BLOCKTIME(e): 880 1995 at 1160441693.528707
BLOCKTIME(e): 881 1841 at 1160441693.535871
BLOCKTIME(e): 882 1830 at 1160441693.541797
BLOCKTIME(e): 883 1832 at 1160441693.579599
BLOCKTIME(e): 884 1831 at 1160441693.586470
BLOCKTIME(e): 885 1816 at 1160441693.592243
BLOCKTIME(e): 886 1832 at 1160441693.598332
BLOCKTIME(e): 887 1834 at 1160441693.619401
BLOCKTIME(e): 888 1827 at 1160441693.626330
BLOCKTIME(e): 889 1977 at 1160441693.632299
BLOCKTIME(e): 890 1834 at 1160441693.666677
BLOCKTIME(e): 891 1830 at 1160441693.673534
BLOCKTIME(e): 892 1829 at 1160441693.679314
BLOCKTIME(e): 893 1853 at 1160441693.686231
BLOCKTIME(e): 894 1837 at 1160441693.712006
BLOCKTIME(e): 895 1831 at 1160441693.717816
BLOCKTIME(e): 896 1829 at 1160441693.724701
BLOCKTIME(e): 897 2003 at 1160441693.759399
BLOCKTIME(e): 898 1834 at 1160441693.764986
BLOCKTIME(e): 899 1829 at 1160441693.771960
BLOCKTIME(e): 900 1827 at 1160441693.778738
BLOCKTIME(e): 901 1995 at 1160441693.799173
BLOCKTIME(e): 902 1830 at 1160441693.805987
BLOCKTIME(e): 903 1913 at 1160441693.813350
BLOCKTIME(e): 904 1828 at 1160441693.818633
BLOCKTIME(e): 905 1998 at 1160441693.851946
BLOCKTIME(e): 906 1901 at 1160441693.855378
BLOCKTIME(e): 907 1833 at 1160441693.860983
BLOCKTIME(e): 908 1832 at 1160441693.886771
BLOCKTIME(e): 909 1829 at 1160441693.893750
BLOCKTIME(e): 910 1992 at 1160441693.899680
BLOCKTIME(e): 911 1831 at 1160441693.906413
BLOCKTIME(e): 912 1821 at 1160441693.928170
BLOCKTIME(e): 913 1832 at 1160441693.933932
BLOCKTIME(e): 914 1865 at 1160441693.940844
BLOCKTIME(e): 915 2085 at 1160441693.947941
BLOCKTIME(e): 916 1820 at 1160441693.973235
BLOCKTIME(e): 917 1818 at 1160441693.980159
BLOCKTIME(e): 918 1831 at 1160441693.986998
BLOCKTIME(e): 919 2044 at 1160441693.994420
BLOCKTIME(e): 920 1867 at 1160441694.014350
BLOCKTIME(e): 921 1834 at 1160441694.021308
BLOCKTIME(e): 922 1829 at 1160441694.026991
BLOCKTIME(e): 923 1828 at 1160441694.054900
BLOCKTIME(e): 924 2068 at 1160441694.057276
BLOCKTIME(e): 925 1836 at 1160441694.062805
BLOCKTIME(e): 926 1842 at 1160441694.095023
BLOCKTIME(e): 927 1832 at 1160441694.100694
BLOCKTIME(e): 928 1993 at 1160441694.107637
BLOCKTIME(e): 929 2031 at 1160441694.131933
BLOCKTIME(e): 930 1837 at 1160441694.137493
BLOCKTIME(e): 931 1835 at 1160441694.144304
BLOCKTIME(e): 932 2000 at 1160441694.173669
BLOCKTIME(e): 933 1823 at 1160441694.179176
BLOCKTIME(e): 934 1829 at 1160441694.185956
BLOCKTIME(e): 935 1827 at 1160441694.192828
BLOCKTIME(e): 936 1838 at 1160441694.214295
BLOCKTIME(e): 937 1990 at 1160441694.221537
BLOCKTIME(e): 938 1866 at 1160441694.228209
BLOCKTIME(e): 939 1830 at 1160441694.233925
BLOCKTIME(e): 940 1869 at 1160441694.260665
BLOCKTIME(e): 941 1989 at 1160441694.267686
BLOCKTIME(e): 942 1816 at 1160441694.273205
BLOCKTIME(e): 943 1826 at 1160441694.281374
BLOCKTIME(e): 944 1820 at 1160441694.310827
BLOCKTIME(e): 945 1923 at 1160441694.312992
BLOCKTIME(e): 946 2016 at 1160441694.319088
BLOCKTIME(e): 947 1837 at 1160441694.350931
BLOCKTIME(e): 948 1821 at 1160441694.356186
BLOCKTIME(e): 949 1832 at 1160441694.362495
BLOCKTIME(e): 950 2099 at 1160441694.369248
BLOCKTIME(e): 951 1833 at 1160441694.390609
BLOCKTIME(e): 952 1831 at 1160441694.397001
BLOCKTIME(e): 953 1831 at 1160441694.403281
BLOCKTIME(e): 954 1982 at 1160441694.409152
BLOCKTIME(e): 955 1830 at 1160441694.439770
BLOCKTIME(e): 956 1823 at 1160441694.446166
BLOCKTIME(e): 957 1833 at 1160441694.451493
BLOCKTIME(e): 958 1798 at 1160441694.471287
BLOCKTIME(e): 959 1826 at 1160441694.480658
BLOCKTIME(e): 960 1814 at 1160441694.487136
BLOCKTIME(e): 961 1873 at 1160441694.520414
BLOCKTIME(e): 962 2013 at 1160441694.525825
BLOCKTIME(e): 963 1834 at 1160441694.531984
BLOCKTIME(e): 964 1831 at 1160441694.538421
BLOCKTIME(e): 965 1818 at 1160441694.560053
BLOCKTIME(e): 966 2032 at 1160441694.566865
BLOCKTIME(e): 967 1830 at 1160441694.572928
BLOCKTIME(e): 968 1828 at 1160441694.578297
BLOCKTIME(e): 969 1831 at 1160441694.607537
BLOCKTIME(e): 970 1833 at 1160441694.613919
BLOCKTIME(e): 971 1999 at 1160441694.619359
BLOCKTIME(e): 972 1818 at 1160441694.645131
BLOCKTIME(e): 973 1863 at 1160441694.651659
BLOCKTIME(e): 974 1831 at 1160441694.656794
BLOCKTIME(e): 975 2319 at 1160441694.663675
BLOCKTIME(e): 976 1826 at 1160441694.691539
BLOCKTIME(e): 977 1810 at 1160441694.693643
BLOCKTIME(e): 978 1818 at 1160441694.699990
BLOCKTIME(e): 979 1844 at 1160441694.729730
BLOCKTIME(e): 980 1857 at 1160441694.735173
BLOCKTIME(e): 981 1832 at 1160441694.741379
BLOCKTIME(e): 982 1870 at 1160441694.747796
BLOCKTIME(e): 983 1837 at 1160441694.771800
BLOCKTIME(e): 984 1861 at 1160441694.778126
BLOCKTIME(e): 985 1808 at 1160441694.784435
BLOCKTIME(e): 986 1830 at 1160441694.790779
BLOCKTIME(e): 987 1819 at 1160441694.821063
BLOCKTIME(e): 988 2017 at 1160441694.827639
BLOCKTIME(e): 989 1834 at 1160441694.832724
BLOCKTIME(e): 990 1838 at 1160441694.861560
BLOCKTIME(e): 991 1839 at 1160441694.868147
BLOCKTIME(e): 992 1835 at 1160441694.873318
BLOCKTIME(e): 993 1904 at 1160441694.901197
BLOCKTIME(e): 994 1866 at 1160441694.907366
BLOCKTIME(e): 995 1830 at 1160441694.912601
BLOCKTIME(e): 996 1830 at 1160441694.919016
BLOCKTIME(e): 997 2064 at 1160441694.943557
BLOCKTIME(e): 998 1829 at 1160441694.949765
BLOCKTIME(e): 999 1877 at 1160441694.956146
BLOCKTIME(e): 1000 1832 at 1160441694.961374
BLOCKTIME(e): 1001 2019 at 1160441694.986646
BLOCKTIME(e): 1002 1831 at 1160441694.992805
BLOCKTIME(e): 1003 1908 at 1160441694.998201
BLOCKTIME(e): 1004 1880 at 1160441695.027679
BLOCKTIME(e): 1005 1829 at 1160441695.033885
BLOCKTIME(e): 1006 1833 at 1160441695.039278
BLOCKTIME(e): 1007 1833 at 1160441695.045665
BLOCKTIME(e): 1008 1834 at 1160441695.068393
BLOCKTIME(e): 1009 1831 at 1160441695.073779
BLOCKTIME(e): 1010 2069 at 1160441695.080315
BLOCKTIME(e): 1011 1842 at 1160441695.112807
BLOCKTIME(e): 1012 1823 at 1160441695.118049
BLOCKTIME(e): 1013 1831 at 1160441695.124447
BLOCKTIME(e): 1014 1832 at 1160441695.130831
BLOCKTIME(e): 1015 2012 at 1160441695.153864
BLOCKTIME(e): 1016 1837 at 1160441695.160092
BLOCKTIME(e): 1017 1834 at 1160441695.166440
BLOCKTIME(e): 1018 1867 at 1160441695.171820
BLOCKTIME(e): 1019 1992 at 1160441695.204684
BLOCKTIME(e): 1020 1834 at 1160441695.212608
BLOCKTIME(e): 1021 1830 at 1160441695.219492
BLOCKTIME(e): 1022 1837 at 1160441695.239161
BLOCKTIME(e): 1023 2022 at 1160441695.247883
BLOCKTIME(e): 1024 1810 at 1160441695.253752
