Instrumenting '../supafly/sfsender -dd -s 8192 -c 1024 -h elab-1' with libnetmon
TIME 0 1160441681.3301
TIME 1 1160441681.3694
TIME 2 1160441681.3725
TIME 3 1160441681.3941
TIME 4 1160441681.3976
TIME 5 1160441681.4005
TIME 6 1160441681.4207
TIME 7 1160441681.4235
INFO: 1016 blocks remaining in msg 0
TIME 8 1160441681.4265
TIME 9 1160441681.4295
TIME 10 1160441681.4546
TIME 11 1160441681.4575
TIME 12 1160441681.4604
TIME 13 1160441681.5251
TIME 14 1160441681.5287
TIME 15 1160441681.5315
INFO: 1008 blocks remaining in msg 0
TIME 16 1160441681.5345
TIME 17 1160441681.5375
TIME 18 1160441681.5667
TIME 19 1160441681.5694
TIME 20 1160441681.5726
TIME 21 1160441681.6155
TIME 22 1160441681.6179
TIME 23 1160441681.6209
INFO: 1000 blocks remaining in msg 0
TIME 24 1160441681.6239
TIME 25 1160441681.6596
TIME 26 1160441681.6619
TIME 27 1160441681.6649
TIME 28 1160441681.6679
TIME 29 1160441681.7061
TIME 30 1160441681.7089
TIME 31 1160441681.7118
INFO: 992 blocks remaining in msg 0
TIME 32 1160441681.7149
TIME 33 1160441681.7420
TIME 34 1160441681.7448
TIME 35 1160441681.7478
TIME 36 1160441681.7819
TIME 37 1160441681.7849
TIME 38 1160441681.7878
TIME 39 1160441681.7908
INFO: 984 blocks remaining in msg 0
TIME 40 1160441681.8231
TIME 41 1160441681.8258
TIME 42 1160441681.8288
TIME 43 1160441681.8318
TIME 44 1160441681.8825
TIME 45 1160441681.8848
TIME 46 1160441681.8878
TIME 47 1160441681.8909
INFO: 976 blocks remaining in msg 0
TIME 48 1160441681.9482
TIME 49 1160441681.9508
TIME 50 1160441681.9538
TIME 51 1160441681.9568
TIME 52 1160441681.9598
TIME 53 1160441681.9921
TIME 54 1160441681.9948
TIME 55 1160441681.9978
INFO: 968 blocks remaining in msg 0
TIME 56 1160441682.0008
TIME 57 1160441682.0450
TIME 58 1160441682.0479
TIME 59 1160441682.0927
TIME 60 1160441682.0959
TIME 61 1160441682.0988
TIME 62 1160441682.1018
TIME 63 1160441682.1506
INFO: 960 blocks remaining in msg 0
TIME 64 1160441682.1528
TIME 65 1160441682.1558
TIME 66 1160441682.1588
TIME 67 1160441682.1975
TIME 68 1160441682.1998
TIME 69 1160441682.2028
TIME 70 1160441682.2058
TIME 71 1160441682.2512
INFO: 952 blocks remaining in msg 0
TIME 72 1160441682.2538
TIME 73 1160441682.2568
TIME 74 1160441682.3049
TIME 75 1160441682.3078
TIME 76 1160441682.3108
TIME 77 1160441682.3523
TIME 78 1160441682.3548
TIME 79 1160441682.3578
INFO: 944 blocks remaining in msg 0
TIME 80 1160441682.3608
TIME 81 1160441682.4087
TIME 82 1160441682.4118
TIME 83 1160441682.4148
TIME 84 1160441682.4178
TIME 85 1160441682.4606
TIME 86 1160441682.4628
TIME 87 1160441682.4658
INFO: 936 blocks remaining in msg 0
TIME 88 1160441682.4711
TIME 89 1160441682.5095
TIME 90 1160441682.5117
TIME 91 1160441682.5147
TIME 92 1160441682.5599
TIME 93 1160441682.5627
TIME 94 1160441682.5657
TIME 95 1160441682.5687
INFO: 928 blocks remaining in msg 0
TIME 96 1160441682.6114
TIME 97 1160441682.6137
TIME 98 1160441682.6167
TIME 99 1160441682.6197
TIME 100 1160441682.6618
TIME 101 1160441682.6647
TIME 102 1160441682.6677
TIME 103 1160441682.6707
INFO: 920 blocks remaining in msg 0
TIME 104 1160441682.7168
TIME 105 1160441682.7197
TIME 106 1160441682.7621
TIME 107 1160441682.7647
TIME 108 1160441682.7677
TIME 109 1160441682.7707
TIME 110 1160441682.8160
TIME 111 1160441682.8187
INFO: 912 blocks remaining in msg 0
TIME 112 1160441682.8217
TIME 113 1160441682.8247
TIME 114 1160441682.8665
TIME 115 1160441682.8687
TIME 116 1160441682.8717
TIME 117 1160441682.8747
TIME 118 1160441682.9118
TIME 119 1160441682.9147
INFO: 904 blocks remaining in msg 0
TIME 120 1160441682.9177
TIME 121 1160441682.9601
TIME 122 1160441682.9627
TIME 123 1160441682.9657
TIME 124 1160441682.9687
TIME 125 1160441682.9737
TIME 126 1160441683.0134
TIME 127 1160441683.0157
INFO: 896 blocks remaining in msg 0
TIME 128 1160441683.0197
TIME 129 1160441683.0537
TIME 130 1160441683.0567
TIME 131 1160441683.0597
TIME 132 1160441683.0627
TIME 133 1160441683.1061
TIME 134 1160441683.1087
TIME 135 1160441683.1517
INFO: 888 blocks remaining in msg 0
TIME 136 1160441683.1547
TIME 137 1160441683.1576
TIME 138 1160441683.1606
TIME 139 1160441683.1978
TIME 140 1160441683.2007
TIME 141 1160441683.2036
TIME 142 1160441683.2066
TIME 143 1160441683.2481
INFO: 880 blocks remaining in msg 0
TIME 144 1160441683.2506
TIME 145 1160441683.2536
TIME 146 1160441683.2566
TIME 147 1160441683.2904
TIME 148 1160441683.2926
TIME 149 1160441683.2956
TIME 150 1160441683.3339
TIME 151 1160441683.3369
INFO: 872 blocks remaining in msg 0
TIME 152 1160441683.3396
TIME 153 1160441683.3426
TIME 154 1160441683.3724
TIME 155 1160441683.3746
TIME 156 1160441683.3776
TIME 157 1160441683.4144
TIME 158 1160441683.4166
TIME 159 1160441683.4196
INFO: 864 blocks remaining in msg 0
TIME 160 1160441683.4226
TIME 161 1160441683.4616
TIME 162 1160441683.4646
TIME 163 1160441683.4676
TIME 164 1160441683.4706
TIME 165 1160441683.5008
TIME 166 1160441683.5036
TIME 167 1160441683.5429
INFO: 856 blocks remaining in msg 0
TIME 168 1160441683.5456
TIME 169 1160441683.5486
TIME 170 1160441683.5887
TIME 171 1160441683.5916
TIME 172 1160441683.5946
TIME 173 1160441683.5976
TIME 174 1160441683.6285
TIME 175 1160441683.6316
INFO: 848 blocks remaining in msg 0
TIME 176 1160441683.6346
TIME 177 1160441683.6376
TIME 178 1160441683.6708
TIME 179 1160441683.6736
TIME 180 1160441683.6766
TIME 181 1160441683.6796
TIME 182 1160441683.7107
TIME 183 1160441683.7136
INFO: 840 blocks remaining in msg 0
TIME 184 1160441683.7166
TIME 185 1160441683.7507
TIME 186 1160441683.7536
TIME 187 1160441683.7566
TIME 188 1160441683.7942
TIME 189 1160441683.7966
TIME 190 1160441683.7995
TIME 191 1160441683.8026
INFO: 832 blocks remaining in msg 0
TIME 192 1160441683.8390
TIME 193 1160441683.8415
TIME 194 1160441683.8445
TIME 195 1160441683.8475
TIME 196 1160441683.8824
TIME 197 1160441683.8846
TIME 198 1160441683.8875
TIME 199 1160441683.8905
INFO: 824 blocks remaining in msg 0
TIME 200 1160441683.9242
TIME 201 1160441683.9265
TIME 202 1160441683.9668
TIME 203 1160441683.9695
TIME 204 1160441683.9725
TIME 205 1160441683.9755
TIME 206 1160441683.9785
TIME 207 1160441684.0066
INFO: 816 blocks remaining in msg 0
TIME 208 1160441684.0095
TIME 209 1160441684.0125
TIME 210 1160441684.0580
TIME 211 1160441684.0605
TIME 212 1160441684.0635
TIME 213 1160441684.0665
TIME 214 1160441684.0982
TIME 215 1160441684.1005
INFO: 808 blocks remaining in msg 0
TIME 216 1160441684.1035
TIME 217 1160441684.1383
TIME 218 1160441684.1405
TIME 219 1160441684.1435
TIME 220 1160441684.1766
TIME 221 1160441684.1795
TIME 222 1160441684.1825
TIME 223 1160441684.1855
INFO: 800 blocks remaining in msg 0
TIME 224 1160441684.2196
TIME 225 1160441684.2225
TIME 226 1160441684.2255
TIME 227 1160441684.2285
TIME 228 1160441684.2625
TIME 229 1160441684.2655
TIME 230 1160441684.2685
TIME 231 1160441684.3045
INFO: 792 blocks remaining in msg 0
TIME 232 1160441684.3075
TIME 233 1160441684.3105
TIME 234 1160441684.3135
TIME 235 1160441684.3484
TIME 236 1160441684.3515
TIME 237 1160441684.3545
TIME 238 1160441684.3575
TIME 239 1160441684.3975
INFO: 784 blocks remaining in msg 0
TIME 240 1160441684.4005
TIME 241 1160441684.4035
TIME 242 1160441684.4479
TIME 243 1160441684.4505
TIME 244 1160441684.4535
TIME 245 1160441684.4564
TIME 246 1160441684.4860
TIME 247 1160441684.4885
INFO: 776 blocks remaining in msg 0
TIME 248 1160441684.4914
TIME 249 1160441684.5351
TIME 250 1160441684.5374
TIME 251 1160441684.5404
TIME 252 1160441684.5434
TIME 253 1160441684.5753
TIME 254 1160441684.5774
TIME 255 1160441684.5804
INFO: 768 blocks remaining in msg 0
TIME 256 1160441684.6274
TIME 257 1160441684.6304
TIME 258 1160441684.6334
TIME 259 1160441684.6364
TIME 260 1160441684.6753
TIME 261 1160441684.6774
TIME 262 1160441684.6804
TIME 263 1160441684.6834
INFO: 760 blocks remaining in msg 0
TIME 264 1160441684.7196
TIME 265 1160441684.7224
TIME 266 1160441684.7254
TIME 267 1160441684.7686
TIME 268 1160441684.7714
TIME 269 1160441684.7744
TIME 270 1160441684.7774
TIME 271 1160441684.8148
INFO: 752 blocks remaining in msg 0
TIME 272 1160441684.8174
TIME 273 1160441684.8204
TIME 274 1160441684.8234
TIME 275 1160441684.8566
TIME 276 1160441684.8594
TIME 277 1160441684.8624
TIME 278 1160441684.9108
TIME 279 1160441684.9134
INFO: 744 blocks remaining in msg 0
TIME 280 1160441684.9164
TIME 281 1160441684.9194
TIME 282 1160441684.9597
TIME 283 1160441684.9624
TIME 284 1160441684.9654
TIME 285 1160441684.9684
TIME 286 1160441685.0087
TIME 287 1160441685.0114
INFO: 736 blocks remaining in msg 0
TIME 288 1160441685.0144
TIME 289 1160441685.0586
TIME 290 1160441685.0614
TIME 291 1160441685.0644
TIME 292 1160441685.0674
TIME 293 1160441685.0994
TIME 294 1160441685.1024
TIME 295 1160441685.1054
INFO: 728 blocks remaining in msg 0
TIME 296 1160441685.1431
TIME 297 1160441685.1454
TIME 298 1160441685.1483
TIME 299 1160441685.1886
TIME 300 1160441685.1914
TIME 301 1160441685.1944
TIME 302 1160441685.1973
TIME 303 1160441685.2352
INFO: 720 blocks remaining in msg 0
TIME 304 1160441685.2382
TIME 305 1160441685.2414
TIME 306 1160441685.2443
TIME 307 1160441685.2836
TIME 308 1160441685.2863
TIME 309 1160441685.2893
TIME 310 1160441685.2923
TIME 311 1160441685.3257
INFO: 712 blocks remaining in msg 0
TIME 312 1160441685.3283
TIME 313 1160441685.3313
TIME 314 1160441685.3745
TIME 315 1160441685.3773
TIME 316 1160441685.3803
TIME 317 1160441685.3833
TIME 318 1160441685.4175
TIME 319 1160441685.4203
INFO: 704 blocks remaining in msg 0
TIME 320 1160441685.4233
TIME 321 1160441685.4627
TIME 322 1160441685.4653
TIME 323 1160441685.4683
TIME 324 1160441685.4713
TIME 325 1160441685.5096
TIME 326 1160441685.5123
TIME 327 1160441685.5153
INFO: 696 blocks remaining in msg 0
TIME 328 1160441685.5544
TIME 329 1160441685.5573
TIME 330 1160441685.5603
TIME 331 1160441685.5633
TIME 332 1160441685.6000
TIME 333 1160441685.6023
TIME 334 1160441685.6418
TIME 335 1160441685.6443
INFO: 688 blocks remaining in msg 0
TIME 336 1160441685.6473
TIME 337 1160441685.6503
TIME 338 1160441685.6946
TIME 339 1160441685.6973
TIME 340 1160441685.7003
TIME 341 1160441685.7033
TIME 342 1160441685.7063
TIME 343 1160441685.7433
INFO: 680 blocks remaining in msg 0
TIME 344 1160441685.7463
TIME 345 1160441685.7493
TIME 346 1160441685.7879
TIME 347 1160441685.7903
TIME 348 1160441685.7933
TIME 349 1160441685.7963
TIME 350 1160441685.8445
TIME 351 1160441685.8473
INFO: 672 blocks remaining in msg 0
TIME 352 1160441685.8502
TIME 353 1160441685.8532
TIME 354 1160441685.8933
TIME 355 1160441685.8962
TIME 356 1160441685.8992
TIME 357 1160441685.9462
TIME 358 1160441685.9492
TIME 359 1160441685.9522
INFO: 664 blocks remaining in msg 0
TIME 360 1160441685.9552
TIME 361 1160441685.9988
TIME 362 1160441686.0012
TIME 363 1160441686.0489
TIME 364 1160441686.0512
TIME 365 1160441686.0542
TIME 366 1160441686.0572
TIME 367 1160441686.1024
INFO: 656 blocks remaining in msg 0
TIME 368 1160441686.1052
TIME 369 1160441686.1082
TIME 370 1160441686.1112
TIME 371 1160441686.1507
TIME 372 1160441686.1533
TIME 373 1160441686.1562
TIME 374 1160441686.1592
TIME 375 1160441686.1973
INFO: 648 blocks remaining in msg 0
TIME 376 1160441686.2002
TIME 377 1160441686.2032
TIME 378 1160441686.2504
TIME 379 1160441686.2532
TIME 380 1160441686.2562
TIME 381 1160441686.2592
TIME 382 1160441686.3010
TIME 383 1160441686.3032
INFO: 640 blocks remaining in msg 0
TIME 384 1160441686.3062
TIME 385 1160441686.3473
TIME 386 1160441686.3502
TIME 387 1160441686.3532
TIME 388 1160441686.3562
TIME 389 1160441686.3989
TIME 390 1160441686.4012
TIME 391 1160441686.4042
INFO: 632 blocks remaining in msg 0
TIME 392 1160441686.4443
TIME 393 1160441686.4472
TIME 394 1160441686.4502
TIME 395 1160441686.4532
TIME 396 1160441686.5031
TIME 397 1160441686.5062
TIME 398 1160441686.5092
TIME 399 1160441686.5545
INFO: 624 blocks remaining in msg 0
TIME 400 1160441686.5571
TIME 401 1160441686.5601
TIME 402 1160441686.5631
TIME 403 1160441686.6108
TIME 404 1160441686.6131
TIME 405 1160441686.6161
TIME 406 1160441686.6675
TIME 407 1160441686.6701
INFO: 616 blocks remaining in msg 0
TIME 408 1160441686.6731
TIME 409 1160441686.7326
TIME 410 1160441686.7351
TIME 411 1160441686.7381
TIME 412 1160441686.7411
TIME 413 1160441686.7939
TIME 414 1160441686.7961
TIME 415 1160441686.7991
INFO: 608 blocks remaining in msg 0
TIME 416 1160441686.8578
TIME 417 1160441686.8601
TIME 418 1160441686.8631
TIME 419 1160441686.8661
TIME 420 1160441686.9356
TIME 421 1160441686.9381
TIME 422 1160441686.9411
TIME 423 1160441686.9441
INFO: 600 blocks remaining in msg 0
TIME 424 1160441687.0004
TIME 425 1160441687.0031
TIME 426 1160441687.0061
TIME 427 1160441687.0091
TIME 428 1160441687.0696
TIME 429 1160441687.0721
TIME 430 1160441687.0751
TIME 431 1160441687.1371
INFO: 592 blocks remaining in msg 0
TIME 432 1160441687.1401
TIME 433 1160441687.1430
TIME 434 1160441687.1460
TIME 435 1160441687.2045
TIME 436 1160441687.2070
TIME 437 1160441687.2100
TIME 438 1160441687.2131
TIME 439 1160441687.2721
INFO: 584 blocks remaining in msg 0
TIME 440 1160441687.2751
TIME 441 1160441687.2781
TIME 442 1160441687.3729
TIME 443 1160441687.3760
TIME 444 1160441687.3790
TIME 445 1160441687.3820
TIME 446 1160441687.4786
TIME 447 1160441687.4810
INFO: 576 blocks remaining in msg 0
TIME 448 1160441687.4840
TIME 449 1160441687.5696
TIME 450 1160441687.5720
TIME 451 1160441687.5750
TIME 452 1160441687.6541
TIME 453 1160441687.6570
TIME 454 1160441687.6600
TIME 455 1160441687.7282
INFO: 568 blocks remaining in msg 0
TIME 456 1160441687.7310
TIME 457 1160441687.7340
TIME 458 1160441687.8064
TIME 459 1160441687.8090
TIME 460 1160441687.8120
TIME 461 1160441687.8743
TIME 462 1160441687.8770
TIME 463 1160441687.8799
INFO: 560 blocks remaining in msg 0
TIME 464 1160441687.9382
TIME 465 1160441687.9409
TIME 466 1160441687.9439
TIME 467 1160441687.9469
TIME 468 1160441688.0017
TIME 469 1160441688.0040
TIME 470 1160441688.0069
TIME 471 1160441688.0616
INFO: 552 blocks remaining in msg 0
TIME 472 1160441688.0639
TIME 473 1160441688.0669
TIME 474 1160441688.1217
TIME 475 1160441688.1239
TIME 476 1160441688.1269
TIME 477 1160441688.1723
TIME 478 1160441688.1749
TIME 479 1160441688.1779
INFO: 544 blocks remaining in msg 0
TIME 480 1160441688.1809
TIME 481 1160441688.2253
TIME 482 1160441688.2279
TIME 483 1160441688.2309
TIME 484 1160441688.2781
TIME 485 1160441688.2809
TIME 486 1160441688.2839
TIME 487 1160441688.3300
INFO: 536 blocks remaining in msg 0
TIME 488 1160441688.3329
TIME 489 1160441688.3359
TIME 490 1160441688.3408
TIME 491 1160441688.3890
TIME 492 1160441688.3924
TIME 493 1160441688.3949
TIME 494 1160441688.4623
TIME 495 1160441688.4649
INFO: 528 blocks remaining in msg 0
TIME 496 1160441688.4679
TIME 497 1160441688.4709
TIME 498 1160441688.4739
TIME 499 1160441688.4769
TIME 500 1160441688.5213
TIME 501 1160441688.5239
TIME 502 1160441688.5268
TIME 503 1160441688.5682
INFO: 520 blocks remaining in msg 0
TIME 504 1160441688.5708
TIME 505 1160441688.5738
TIME 506 1160441688.5768
TIME 507 1160441688.6332
TIME 508 1160441688.6358
TIME 509 1160441688.6388
TIME 510 1160441688.6772
TIME 511 1160441688.6798
INFO: 512 blocks remaining in msg 0
TIME 512 1160441688.6828
TIME 513 1160441688.6858
TIME 514 1160441688.7409
TIME 515 1160441688.7439
TIME 516 1160441688.7468
TIME 517 1160441688.7498
TIME 518 1160441688.7949
TIME 519 1160441688.7978
INFO: 504 blocks remaining in msg 0
TIME 520 1160441688.8008
TIME 521 1160441688.8038
TIME 522 1160441688.8602
TIME 523 1160441688.8628
TIME 524 1160441688.8658
TIME 525 1160441688.9066
TIME 526 1160441688.9088
TIME 527 1160441688.9118
INFO: 496 blocks remaining in msg 0
TIME 528 1160441688.9674
TIME 529 1160441688.9698
TIME 530 1160441688.9728
TIME 531 1160441688.9758
TIME 532 1160441689.0214
TIME 533 1160441689.0238
TIME 534 1160441689.0268
TIME 535 1160441689.0298
INFO: 488 blocks remaining in msg 0
TIME 536 1160441689.0752
TIME 537 1160441689.0778
TIME 538 1160441689.0808
TIME 539 1160441689.0840
TIME 540 1160441689.1302
TIME 541 1160441689.1328
TIME 542 1160441689.1358
TIME 543 1160441689.1388
INFO: 480 blocks remaining in msg 0
TIME 544 1160441689.1781
TIME 545 1160441689.1808
TIME 546 1160441689.1838
TIME 547 1160441689.1868
TIME 548 1160441689.2364
TIME 549 1160441689.2387
TIME 550 1160441689.2417
TIME 551 1160441689.2801
INFO: 472 blocks remaining in msg 0
TIME 552 1160441689.2827
TIME 553 1160441689.2857
TIME 554 1160441689.2888
TIME 555 1160441689.3409
TIME 556 1160441689.3437
TIME 557 1160441689.3467
TIME 558 1160441689.3497
TIME 559 1160441689.3887
INFO: 464 blocks remaining in msg 0
TIME 560 1160441689.3917
TIME 561 1160441689.3947
TIME 562 1160441689.4349
TIME 563 1160441689.4377
TIME 564 1160441689.4407
TIME 565 1160441689.4437
TIME 566 1160441689.4909
TIME 567 1160441689.4937
INFO: 456 blocks remaining in msg 0
TIME 568 1160441689.4967
TIME 569 1160441689.5457
TIME 570 1160441689.5487
TIME 571 1160441689.5517
TIME 572 1160441689.5547
TIME 573 1160441689.5892
TIME 574 1160441689.5917
TIME 575 1160441689.5947
INFO: 448 blocks remaining in msg 0
TIME 576 1160441689.5977
TIME 577 1160441689.6404
TIME 578 1160441689.6427
TIME 579 1160441689.6457
TIME 580 1160441689.6772
TIME 581 1160441689.6797
TIME 582 1160441689.6840
TIME 583 1160441689.6867
INFO: 440 blocks remaining in msg 0
TIME 584 1160441689.7311
TIME 585 1160441689.7337
TIME 586 1160441689.7367
TIME 587 1160441689.7726
TIME 588 1160441689.7757
TIME 589 1160441689.7787
TIME 590 1160441689.7817
TIME 591 1160441689.8223
INFO: 432 blocks remaining in msg 0
TIME 592 1160441689.8247
TIME 593 1160441689.8277
TIME 594 1160441689.8307
TIME 595 1160441689.8716
TIME 596 1160441689.8747
TIME 597 1160441689.8776
TIME 598 1160441689.8807
TIME 599 1160441689.9215
INFO: 424 blocks remaining in msg 0
TIME 600 1160441689.9246
TIME 601 1160441689.9276
TIME 602 1160441689.9619
TIME 603 1160441689.9647
TIME 604 1160441689.9676
TIME 605 1160441689.9706
TIME 606 1160441690.0162
TIME 607 1160441690.0187
INFO: 416 blocks remaining in msg 0
TIME 608 1160441690.0216
TIME 609 1160441690.0567
TIME 610 1160441690.0596
TIME 611 1160441690.0626
TIME 612 1160441690.0656
TIME 613 1160441690.1084
TIME 614 1160441690.1106
TIME 615 1160441690.1137
INFO: 408 blocks remaining in msg 0
TIME 616 1160441690.1166
TIME 617 1160441690.1561
TIME 618 1160441690.1586
TIME 619 1160441690.1616
TIME 620 1160441690.2007
TIME 621 1160441690.2036
TIME 622 1160441690.2066
TIME 623 1160441690.2096
INFO: 400 blocks remaining in msg 0
TIME 624 1160441690.2531
TIME 625 1160441690.2556
TIME 626 1160441690.2586
TIME 627 1160441690.2928
TIME 628 1160441690.2956
TIME 629 1160441690.2986
TIME 630 1160441690.3016
TIME 631 1160441690.3378
INFO: 392 blocks remaining in msg 0
TIME 632 1160441690.3406
TIME 633 1160441690.3436
TIME 634 1160441690.3466
TIME 635 1160441690.3796
TIME 636 1160441690.3826
TIME 637 1160441690.3856
TIME 638 1160441690.4159
TIME 639 1160441690.4186
INFO: 384 blocks remaining in msg 0
TIME 640 1160441690.4217
TIME 641 1160441690.4246
TIME 642 1160441690.4665
TIME 643 1160441690.4696
TIME 644 1160441690.4726
TIME 645 1160441690.4756
TIME 646 1160441690.5380
TIME 647 1160441690.5406
INFO: 376 blocks remaining in msg 0
TIME 648 1160441690.5436
TIME 649 1160441690.5465
TIME 650 1160441690.5496
TIME 651 1160441690.5527
TIME 652 1160441690.5971
TIME 653 1160441690.5996
TIME 654 1160441690.6025
TIME 655 1160441690.6055
INFO: 368 blocks remaining in msg 0
TIME 656 1160441690.6401
TIME 657 1160441690.6425
TIME 658 1160441690.6455
TIME 659 1160441690.7112
TIME 660 1160441690.7135
TIME 661 1160441690.7166
TIME 662 1160441690.7195
TIME 663 1160441690.7225
INFO: 360 blocks remaining in msg 0
TIME 664 1160441690.7255
TIME 665 1160441690.7285
TIME 666 1160441690.7708
TIME 667 1160441690.7735
TIME 668 1160441690.7765
TIME 669 1160441690.7795
TIME 670 1160441690.8214
TIME 671 1160441690.8245
INFO: 352 blocks remaining in msg 0
TIME 672 1160441690.8275
TIME 673 1160441690.8614
TIME 674 1160441690.8645
TIME 675 1160441690.8675
TIME 676 1160441690.8705
TIME 677 1160441690.9120
TIME 678 1160441690.9145
TIME 679 1160441690.9175
INFO: 344 blocks remaining in msg 0
TIME 680 1160441690.9205
TIME 681 1160441690.9581
TIME 682 1160441690.9605
TIME 683 1160441690.9635
TIME 684 1160441691.0018
TIME 685 1160441691.0045
TIME 686 1160441691.0075
TIME 687 1160441691.0105
INFO: 336 blocks remaining in msg 0
TIME 688 1160441691.0793
TIME 689 1160441691.0815
TIME 690 1160441691.0845
TIME 691 1160441691.0875
TIME 692 1160441691.0905
TIME 693 1160441691.0935
TIME 694 1160441691.0965
TIME 695 1160441691.1375
INFO: 328 blocks remaining in msg 0
TIME 696 1160441691.1405
TIME 697 1160441691.1435
TIME 698 1160441691.1465
TIME 699 1160441691.1816
TIME 700 1160441691.1845
TIME 701 1160441691.1875
TIME 702 1160441691.2221
TIME 703 1160441691.2245
INFO: 320 blocks remaining in msg 0
TIME 704 1160441691.2274
TIME 705 1160441691.2304
TIME 706 1160441691.2740
TIME 707 1160441691.2765
TIME 708 1160441691.2794
TIME 709 1160441691.2825
TIME 710 1160441691.3480
TIME 711 1160441691.3504
INFO: 312 blocks remaining in msg 0
TIME 712 1160441691.3534
TIME 713 1160441691.3564
TIME 714 1160441691.3594
TIME 715 1160441691.3624
TIME 716 1160441691.4100
TIME 717 1160441691.4124
TIME 718 1160441691.4154
TIME 719 1160441691.4184
INFO: 304 blocks remaining in msg 0
TIME 720 1160441691.4562
TIME 721 1160441691.4591
TIME 722 1160441691.4614
TIME 723 1160441691.5242
TIME 724 1160441691.5264
TIME 725 1160441691.5294
TIME 726 1160441691.5324
TIME 727 1160441691.5354
INFO: 296 blocks remaining in msg 0
TIME 728 1160441691.5384
TIME 729 1160441691.5813
TIME 730 1160441691.5844
TIME 731 1160441691.5874
TIME 732 1160441691.5904
TIME 733 1160441691.5934
TIME 734 1160441691.6269
TIME 735 1160441691.6294
INFO: 288 blocks remaining in msg 0
TIME 736 1160441691.6324
TIME 737 1160441691.6685
TIME 738 1160441691.6714
TIME 739 1160441691.6744
TIME 740 1160441691.6774
TIME 741 1160441691.7195
TIME 742 1160441691.7224
TIME 743 1160441691.7254
INFO: 280 blocks remaining in msg 0
TIME 744 1160441691.7284
TIME 745 1160441691.7608
TIME 746 1160441691.7634
TIME 747 1160441691.7664
TIME 748 1160441691.8090
TIME 749 1160441691.8114
TIME 750 1160441691.8144
TIME 751 1160441691.8174
INFO: 272 blocks remaining in msg 0
TIME 752 1160441691.8843
TIME 753 1160441691.8874
TIME 754 1160441691.8904
TIME 755 1160441691.8933
TIME 756 1160441691.8963
TIME 757 1160441691.8994
TIME 758 1160441691.9024
TIME 759 1160441691.9420
INFO: 264 blocks remaining in msg 0
TIME 760 1160441691.9443
TIME 761 1160441691.9473
TIME 762 1160441691.9866
TIME 763 1160441691.9893
TIME 764 1160441691.9923
TIME 765 1160441691.9953
TIME 766 1160441692.0350
TIME 767 1160441692.0373
INFO: 256 blocks remaining in msg 0
TIME 768 1160441692.0403
TIME 769 1160441692.0793
TIME 770 1160441692.0823
TIME 771 1160441692.0853
TIME 772 1160441692.0883
TIME 773 1160441692.1281
TIME 774 1160441692.1303
TIME 775 1160441692.1333
INFO: 248 blocks remaining in msg 0
TIME 776 1160441692.1722
TIME 777 1160441692.1753
TIME 778 1160441692.1783
TIME 779 1160441692.1813
TIME 780 1160441692.2570
TIME 781 1160441692.2593
TIME 782 1160441692.2623
TIME 783 1160441692.2654
INFO: 240 blocks remaining in msg 0
TIME 784 1160441692.2683
TIME 785 1160441692.2713
TIME 786 1160441692.2743
TIME 787 1160441692.3124
TIME 788 1160441692.3153
TIME 789 1160441692.3183
TIME 790 1160441692.3590
TIME 791 1160441692.3613
INFO: 232 blocks remaining in msg 0
TIME 792 1160441692.3643
TIME 793 1160441692.3673
TIME 794 1160441692.4074
TIME 795 1160441692.4103
TIME 796 1160441692.4133
TIME 797 1160441692.4163
TIME 798 1160441692.4515
TIME 799 1160441692.4543
INFO: 224 blocks remaining in msg 0
TIME 800 1160441692.4573
TIME 801 1160441692.4948
TIME 802 1160441692.4973
TIME 803 1160441692.5003
TIME 804 1160441692.5033
TIME 805 1160441692.5394
TIME 806 1160441692.5423
TIME 807 1160441692.5453
INFO: 216 blocks remaining in msg 0
TIME 808 1160441692.5883
TIME 809 1160441692.5913
TIME 810 1160441692.5943
TIME 811 1160441692.5973
TIME 812 1160441692.6327
TIME 813 1160441692.6353
TIME 814 1160441692.6382
TIME 815 1160441692.6412
INFO: 208 blocks remaining in msg 0
TIME 816 1160441692.6751
TIME 817 1160441692.6782
TIME 818 1160441692.6812
TIME 819 1160441692.7135
TIME 820 1160441692.7162
TIME 821 1160441692.7192
TIME 822 1160441692.7222
TIME 823 1160441692.7604
INFO: 200 blocks remaining in msg 0
TIME 824 1160441692.7632
TIME 825 1160441692.7662
TIME 826 1160441692.8058
TIME 827 1160441692.8082
TIME 828 1160441692.8112
TIME 829 1160441692.8142
TIME 830 1160441692.8528
TIME 831 1160441692.8552
INFO: 192 blocks remaining in msg 0
TIME 832 1160441692.8582
TIME 833 1160441692.8962
TIME 834 1160441692.8992
TIME 835 1160441692.9022
TIME 836 1160441692.9052
TIME 837 1160441692.9429
TIME 838 1160441692.9452
TIME 839 1160441692.9482
INFO: 184 blocks remaining in msg 0
TIME 840 1160441692.9512
TIME 841 1160441692.9936
TIME 842 1160441692.9962
TIME 843 1160441692.9992
TIME 844 1160441693.0399
TIME 845 1160441693.0422
TIME 846 1160441693.0452
TIME 847 1160441693.0482
INFO: 176 blocks remaining in msg 0
TIME 848 1160441693.0869
TIME 849 1160441693.0892
TIME 850 1160441693.0922
TIME 851 1160441693.0952
TIME 852 1160441693.1316
TIME 853 1160441693.1342
TIME 854 1160441693.1372
TIME 855 1160441693.1402
INFO: 168 blocks remaining in msg 0
TIME 856 1160441693.1762
TIME 857 1160441693.1792
TIME 858 1160441693.1822
TIME 859 1160441693.2171
TIME 860 1160441693.2202
TIME 861 1160441693.2232
TIME 862 1160441693.2953
TIME 863 1160441693.2982
INFO: 160 blocks remaining in msg 0
TIME 864 1160441693.3012
TIME 865 1160441693.3041
TIME 866 1160441693.3072
TIME 867 1160441693.3101
TIME 868 1160441693.3131
TIME 869 1160441693.3505
TIME 870 1160441693.3531
TIME 871 1160441693.3561
INFO: 152 blocks remaining in msg 0
TIME 872 1160441693.3592
TIME 873 1160441693.3931
TIME 874 1160441693.3961
TIME 875 1160441693.3991
TIME 876 1160441693.4021
TIME 877 1160441693.4334
TIME 878 1160441693.4361
TIME 879 1160441693.4391
INFO: 144 blocks remaining in msg 0
TIME 880 1160441693.4782
TIME 881 1160441693.4811
TIME 882 1160441693.4841
TIME 883 1160441693.4871
TIME 884 1160441693.5598
TIME 885 1160441693.5621
TIME 886 1160441693.5651
TIME 887 1160441693.5681
INFO: 136 blocks remaining in msg 0
TIME 888 1160441693.5711
TIME 889 1160441693.5741
TIME 890 1160441693.5771
TIME 891 1160441693.6110
TIME 892 1160441693.6131
TIME 893 1160441693.6161
TIME 894 1160441693.6562
TIME 895 1160441693.6591
INFO: 128 blocks remaining in msg 0
TIME 896 1160441693.6621
TIME 897 1160441693.6651
TIME 898 1160441693.7039
TIME 899 1160441693.7061
TIME 900 1160441693.7091
TIME 901 1160441693.7477
TIME 902 1160441693.7501
TIME 903 1160441693.7531
INFO: 120 blocks remaining in msg 0
TIME 904 1160441693.7561
TIME 905 1160441693.7907
TIME 906 1160441693.7931
TIME 907 1160441693.7961
TIME 908 1160441693.7991
TIME 909 1160441693.8394
TIME 910 1160441693.8421
TIME 911 1160441693.8451
INFO: 112 blocks remaining in msg 0
TIME 912 1160441693.8750
TIME 913 1160441693.8781
TIME 914 1160441693.8811
TIME 915 1160441693.8841
TIME 916 1160441693.9173
TIME 917 1160441693.9201
TIME 918 1160441693.9231
TIME 919 1160441693.9634
INFO: 104 blocks remaining in msg 0
TIME 920 1160441693.9661
TIME 921 1160441693.9690
TIME 922 1160441693.9721
TIME 923 1160441694.0034
TIME 924 1160441694.0061
TIME 925 1160441694.0091
TIME 926 1160441694.0120
TIME 927 1160441694.0449
INFO: 96 blocks remaining in msg 0
TIME 928 1160441694.0470
TIME 929 1160441694.0501
TIME 930 1160441694.1117
TIME 931 1160441694.1140
TIME 932 1160441694.1171
TIME 933 1160441694.1202
TIME 934 1160441694.1230
TIME 935 1160441694.1261
INFO: 88 blocks remaining in msg 0
TIME 936 1160441694.1669
TIME 937 1160441694.1691
TIME 938 1160441694.1720
TIME 939 1160441694.1750
TIME 940 1160441694.2068
TIME 941 1160441694.2090
TIME 942 1160441694.2120
TIME 943 1160441694.2150
INFO: 80 blocks remaining in msg 0
TIME 944 1160441694.2497
TIME 945 1160441694.2520
TIME 946 1160441694.2551
TIME 947 1160441694.2580
TIME 948 1160441694.2943
TIME 949 1160441694.2970
TIME 950 1160441694.3000
TIME 951 1160441694.3353
INFO: 72 blocks remaining in msg 0
TIME 952 1160441694.3380
TIME 953 1160441694.3410
TIME 954 1160441694.3821
TIME 955 1160441694.3850
TIME 956 1160441694.3880
TIME 957 1160441694.3910
TIME 958 1160441694.3940
TIME 959 1160441694.4222
INFO: 64 blocks remaining in msg 0
TIME 960 1160441694.4250
TIME 961 1160441694.4280
TIME 962 1160441694.4634
TIME 963 1160441694.4660
TIME 964 1160441694.4690
TIME 965 1160441694.5047
TIME 966 1160441694.5070
TIME 967 1160441694.5100
INFO: 56 blocks remaining in msg 0
TIME 968 1160441694.5130
TIME 969 1160441694.5495
TIME 970 1160441694.5521
TIME 971 1160441694.5550
TIME 972 1160441694.5908
TIME 973 1160441694.5930
TIME 974 1160441694.5960
TIME 975 1160441694.5990
INFO: 48 blocks remaining in msg 0
TIME 976 1160441694.6348
TIME 977 1160441694.6370
TIME 978 1160441694.6400
TIME 979 1160441694.6429
TIME 980 1160441694.6767
TIME 981 1160441694.6790
TIME 982 1160441694.6819
TIME 983 1160441694.7163
INFO: 40 blocks remaining in msg 0
TIME 984 1160441694.7189
TIME 985 1160441694.7219
TIME 986 1160441694.7249
TIME 987 1160441694.7610
TIME 988 1160441694.7639
TIME 989 1160441694.7669
TIME 990 1160441694.8021
TIME 991 1160441694.8049
INFO: 32 blocks remaining in msg 0
TIME 992 1160441694.8079
TIME 993 1160441694.8109
TIME 994 1160441694.8465
TIME 995 1160441694.8489
TIME 996 1160441694.8519
TIME 997 1160441694.8903
TIME 998 1160441694.8929
TIME 999 1160441694.8959
INFO: 24 blocks remaining in msg 0
TIME 1000 1160441694.8989
TIME 1001 1160441694.9317
TIME 1002 1160441694.9339
TIME 1003 1160441694.9369
TIME 1004 1160441694.9760
TIME 1005 1160441694.9789
TIME 1006 1160441694.9819
TIME 1007 1160441694.9849
INFO: 16 blocks remaining in msg 0
TIME 1008 1160441695.0130
TIME 1009 1160441695.0159
TIME 1010 1160441695.0189
TIME 1011 1160441695.0219
TIME 1012 1160441695.0565
TIME 1013 1160441695.0589
TIME 1014 1160441695.0619
TIME 1015 1160441695.0983
INFO: 8 blocks remaining in msg 0
TIME 1016 1160441695.1009
TIME 1017 1160441695.1039
TIME 1018 1160441695.1069
TIME 1019 1160441695.1451
TIME 1020 1160441695.1500
TIME 1021 1160441695.1529
TIME 1022 1160441695.1872
TIME 1023 1160441695.1899
INFO: 0 blocks remaining in msg 0
INFO: only 0 msgs remaining
Done, exiting.
