** 107 separate forms are on 89 code pages. **
** (See src_forms.list and src_files.list in ../../../testbed/www/sec-check/results .) **
**
** 1773 ( 3 + 1770 ) forms instances are in 55 ( 3 + 55 ) web pages. **
** (See *_{forms,files}.list in ../../../testbed/www/sec-check/results .) **
**
** 34 forms files are not covered. **
** (See ../../../testbed/www/sec-check/results/files_missing.list .) **
**
** 9956 input fields, 341 unique. **
** (See site_inputs.list and input_names.list in ../../../testbed/www/sec-check/results .) **
**
**
** Analysis: success 48, failure 4, UNKNOWN 1 **
** (See analyze_output.txt in ../../../testbed/www/sec-check/results .) **
**
**
** Probe Analysis: success 67, failure 311, UNKNOWN 0 **
** (See analyze_probes.txt in ../../../../testbed/www/sec-check/results .) **
**
** 350 probes out of 353 executed: 39 showed success, 311 failure, 28 dups, 0 UNKNOWN.
**
** Probes to 53 pages gave 10 hits: 10 backslashed, 0 uncaught in 0 pages.
** (See probe-labels.list and uncaught-files.list in ../../../testbed/www/sec-check/results .) **
**
